[1124/205608:ERROR:process_info.cc(608)] range at 0xf76d70b800000000, size 0x1bc fully unreadable
[1124/205608:ERROR:process_info.cc(608)] range at 0xf76d711800000000, size 0x1bc fully unreadable
[1124/205608:ERROR:process_info.cc(608)] range at 0x0, size 0x1bc fully unreadable
[1124/205608:ERROR:process_reader_win.cc(233)] ReadMemory at 0x7ffc15ab22d8 of 32 bytes failed: 仅完成部分的 ReadProcessMemory 或 WriteProcessMemory 请求。 (0x12B)
[1124/205608:WARNING:pe_image_reader.cc(155)] could not read debug directory from C:\WINDOWS\SYSTEM32\MPR.dll
[1124/205608:ERROR:process_reader_win.cc(233)] ReadMemory at 0x7ffc23fb0000 of 64 bytes failed: 仅完成部分的 ReadProcessMemory 或 WriteProcessMemory 请求。 (0x12B)
[1124/205608:WARNING:pe_image_reader.cc(281)] could not read dos header from C:\WINDOWS\SYSTEM32\CRYPTBASE.DLL
[1124/205608:ERROR:process_reader_win.cc(233)] ReadMemory at 0x7ffc1e600000 of 64 bytes failed: 仅完成部分的 ReadProcessMemory 或 WriteProcessMemory 请求。 (0x12B)
[1124/205608:WARNING:pe_image_reader.cc(281)] could not read dos header from C:\Program Files (x86)\Google\Chrome\Application\53.0.2785.116\chrome_elf.dll
[1124/205608:ERROR:process_reader_win.cc(233)] ReadMemory at 0x7ffc202a0000 of 64 bytes failed: 仅完成部分的 ReadProcessMemory 或 WriteProcessMemory 请求。 (0x12B)
[1124/205608:WARNING:pe_image_reader.cc(281)] could not read dos header from C:\WINDOWS\SYSTEM32\VERSION.dll
[1124/205608:ERROR:process_reader_win.cc(233)] ReadMemory at 0x7ffc217b0000 of 64 bytes failed: 仅完成部分的 ReadProcessMemory 或 WriteProcessMemory 请求。 (0x12B)
[1124/205608:WARNING:pe_image_reader.cc(281)] could not read dos header from C:\WINDOWS\SYSTEM32\WINMMBASE.dll
[1124/205608:ERROR:process_reader_win.cc(233)] ReadMemory at 0x7ffc21810000 of 64 bytes failed: 仅完成部分的 ReadProcessMemory 或 WriteProcessMemory 请求。 (0x12B)
[1124/205608:WARNING:pe_image_reader.cc(281)] could not read dos header from C:\WINDOWS\SYSTEM32\WINMM.dll
[1124/205608:ERROR:process_reader_win.cc(233)] ReadMemory at 0x7ffc213d0000 of 64 bytes failed: 仅完成部分的 ReadProcessMemory 或 WriteProcessMemory 请求。 (0x12B)
[1124/205608:WARNING:pe_image_reader.cc(281)] could not read dos header from C:\WINDOWS\SYSTEM32\WTSAPI32.dll
[1124/205608:ERROR:process_reader_win.cc(233)] ReadMemory at 0x7ffc21c30000 of 64 bytes failed: 仅完成部分的 ReadProcessMemory 或 WriteProcessMemory 请求。 (0x12B)
[1124/205608:WARNING:pe_image_reader.cc(281)] could not read dos header from C:\WINDOWS\SYSTEM32\WINHTTP.dll
[1124/205608:ERROR:process_reader_win.cc(233)] ReadMemory at 0x7ffc245f0000 of 64 bytes failed: 仅完成部分的 ReadProcessMemory 或 WriteProcessMemory 请求。 (0x12B)
[1124/205608:WARNING:pe_image_reader.cc(281)] could not read dos header from C:\WINDOWS\System32\msvcp_win.dll
[1124/205608:ERROR:process_reader_win.cc(233)] ReadMemory at 0x7ffc270d0000 of 64 bytes failed: 仅完成部分的 ReadProcessMemory 或 WriteProcessMemory 请求。 (0x12B)
[1124/205608:WARNING:pe_image_reader.cc(281)] could not read dos header from C:\WINDOWS\System32\OLEAUT32.dll
[1124/205608:ERROR:process_reader_win.cc(233)] ReadMemory at 0x7ffc16310000 of 64 bytes failed: 仅完成部分的 ReadProcessMemory 或 WriteProcessMemory 请求。 (0x12B)
[1124/205608:WARNING:pe_image_reader.cc(281)] could not read dos header from C:\WINDOWS\SYSTEM32\ninput.dll
[1124/205608:ERROR:process_reader_win.cc(233)] ReadMemory at 0x56270000 of 64 bytes failed: 仅完成部分的 ReadProcessMemory 或 WriteProcessMemory 请求。 (0x12B)
[1124/205608:WARNING:pe_image_reader.cc(281)] could not read dos header from E:\Program Files\360\360safe\safemon\SafeWrapper.dll
[1124/205608:ERROR:process_reader_win.cc(233)] ReadMemory at 0x7ffc26d30000 of 64 bytes failed: 仅完成部分的 ReadProcessMemory 或 WriteProcessMemory 请求。 (0x12B)
[1124/205608:WARNING:pe_image_reader.cc(281)] could not read dos header from C:\WINDOWS\System32\WS2_32.dll
[1124/205608:ERROR:process_reader_win.cc(233)] ReadMemory at 0x7ffc27f90000 of 64 bytes failed: 仅完成部分的 ReadProcessMemory 或 WriteProcessMemory 请求。 (0x12B)
[1124/205608:WARNING:pe_image_reader.cc(281)] could not read dos header from C:\WINDOWS\System32\imagehlp.dll
[1124/205608:ERROR:process_reader_win.cc(233)] ReadMemory at 0x7ffc27770000 of 64 bytes failed: 仅完成部分的 ReadProcessMemory 或 WriteProcessMemory 请求。 (0x12B)
[1124/205608:WARNING:pe_image_reader.cc(281)] could not read dos header from C:\WINDOWS\System32\PSAPI.DLL
[1124/205608:ERROR:process_reader_win.cc(233)] ReadMemory at 0x7ffc166c0000 of 64 bytes failed: 仅完成部分的 ReadProcessMemory 或 WriteProcessMemory 请求。 (0x12B)
[1124/205608:WARNING:pe_image_reader.cc(281)] could not read dos header from C:\WINDOWS\SYSTEM32\NETAPI32.dll
[1124/205608:ERROR:process_reader_win.cc(233)] ReadMemory at 0x7ffc23bb0000 of 64 bytes failed: 仅完成部分的 ReadProcessMemory 或 WriteProcessMemory 请求。 (0x12B)
[1124/205608:WARNING:pe_image_reader.cc(281)] could not read dos header from C:\WINDOWS\SYSTEM32\NETUTILS.DLL
[1124/205608:ERROR:process_reader_win.cc(233)] ReadMemory at 0x7ffc24480000 of 64 bytes failed: 仅完成部分的 ReadProcessMemory 或 WriteProcessMemory 请求。 (0x12B)
[1124/205608:WARNING:pe_image_reader.cc(281)] could not read dos header from C:\WINDOWS\SYSTEM32\bcrypt.dll
[1124/205608:ERROR:process_reader_win.cc(233)] ReadMemory at 0x7ffc1f6f0000 of 64 bytes failed: 仅完成部分的 ReadProcessMemory 或 WriteProcessMemory 请求。 (0x12B)
[1124/205608:WARNING:pe_image_reader.cc(281)] could not read dos header from C:\WINDOWS\SYSTEM32\WKSCLI.DLL
[1124/205608:ERROR:process_reader_win.cc(233)] ReadMemory at 0x560d0000 of 64 bytes failed: 仅完成部分的 ReadProcessMemory 或 WriteProcessMemory 请求。 (0x12B)
[1124/205608:WARNING:pe_image_reader.cc(281)] could not read dos header from E:\Program Files\360\360safe\safemon\safemon64.dll
[1124/205608:ERROR:process_reader_win.cc(233)] ReadMemory at 0x7ffc24540000 of 64 bytes failed: 仅完成部分的 ReadProcessMemory 或 WriteProcessMemory 请求。 (0x12B)
[1124/205608:WARNING:pe_image_reader.cc(281)] could not read dos header from C:\WINDOWS\System32\MSASN1.dll
[1124/205608:ERROR:process_reader_win.cc(233)] ReadMemory at 0x7ffc24700000 of 64 bytes failed: 仅完成部分的 ReadProcessMemory 或 WriteProcessMemory 请求。 (0x12B)
[1124/205608:WARNING:pe_image_reader.cc(281)] could not read dos header from C:\WINDOWS\System32\CRYPT32.dll
[1124/205608:ERROR:process_reader_win.cc(233)] ReadMemory at 0x7ffc25610000 of 64 bytes failed: 仅完成部分的 ReadProcessMemory 或 WriteProcessMemory 请求。 (0x12B)
[1124/205608:WARNING:pe_image_reader.cc(281)] could not read dos header from C:\WINDOWS\System32\WINTRUST.DLL
[1124/205608:ERROR:process_reader_win.cc(233)] ReadMemory at 0x7ffc23fc0000 of 64 bytes failed: 仅完成部分的 ReadProcessMemory 或 WriteProcessMemory 请求。 (0x12B)
[1124/205608:WARNING:pe_image_reader.cc(281)] could not read dos header from C:\WINDOWS\SYSTEM32\CRYPTSP.dll
[1124/205608:ERROR:process_reader_win.cc(233)] ReadMemory at 0x7ffc23ec0000 of 64 bytes failed: 仅完成部分的 ReadProcessMemory 或 WriteProcessMemory 请求。 (0x12B)
[1124/205608:WARNING:pe_image_reader.cc(281)] could not read dos header from C:\WINDOWS\system32\rsaenh.dll
[1124/205608:ERROR:process_reader_win.cc(233)] ReadMemory at 0x7ffc21190000 of 64 bytes failed: 仅完成部分的 ReadProcessMemory 或 WriteProcessMemory 请求。 (0x12B)
[1124/205608:WARNING:pe_image_reader.cc(281)] could not read dos header from C:\WINDOWS\SYSTEM32\WINSPOOL.DRV
[1124/205608:ERROR:process_reader_win.cc(233)] ReadMemory at 0x7ffc1bc20000 of 64 bytes failed: 仅完成部分的 ReadProcessMemory 或 WriteProcessMemory 请求。 (0x12B)
[1124/205608:WARNING:pe_image_reader.cc(281)] could not read dos header from C:\WINDOWS\WinSxS\amd64_microsoft.windows.common-controls_6595b64144ccf1df_6.0.14393.447_none_42191651c6827bb3\COMCTL32.dll
[1124/205608:ERROR:process_reader_win.cc(233)] ReadMemory at 0x7ffc26fd0000 of 64 bytes failed: 仅完成部分的 ReadProcessMemory 或 WriteProcessMemory 请求。 (0x12B)
[1124/205608:WARNING:pe_image_reader.cc(281)] could not read dos header from C:\WINDOWS\System32\COMDLG32.dll
[1124/205608:ERROR:process_reader_win.cc(233)] ReadMemory at 0x7ffc23ad0000 of 64 bytes failed: 仅完成部分的 ReadProcessMemory 或 WriteProcessMemory 请求。 (0x12B)
[1124/205608:WARNING:pe_image_reader.cc(281)] could not read dos header from C:\WINDOWS\SYSTEM32\IPHLPAPI.DLL
[1124/205608:ERROR:process_reader_win.cc(233)] ReadMemory at 0x7ffc1e590000 of 64 bytes failed: 仅完成部分的 ReadProcessMemory 或 WriteProcessMemory 请求。 (0x12B)
[1124/205608:WARNING:pe_image_reader.cc(281)] could not read dos header from C:\WINDOWS\SYSTEM32\USP10.dll
[1124/205608:ERROR:process_reader_win.cc(233)] ReadMemory at 0x7ffc21d00000 of 64 bytes failed: 仅完成部分的 ReadProcessMemory 或 WriteProcessMemory 请求。 (0x12B)
[1124/205608:WARNING:pe_image_reader.cc(281)] could not read dos header from C:\WINDOWS\SYSTEM32\Secur32.dll
[1124/205608:ERROR:process_reader_win.cc(233)] ReadMemory at 0x7ffbf8d30000 of 64 bytes failed: 仅完成部分的 ReadProcessMemory 或 WriteProcessMemory 请求。 (0x12B)
[1124/205608:WARNING:pe_image_reader.cc(281)] could not read dos header from C:\Program Files (x86)\Google\Chrome\Application\53.0.2785.116\chrome_child.dll
[1124/205608:ERROR:process_reader_win.cc(233)] ReadMemory at 0x7ffc1ccb0000 of 64 bytes failed: 仅完成部分的 ReadProcessMemory 或 WriteProcessMemory 请求。 (0x12B)
[1124/205608:WARNING:pe_image_reader.cc(281)] could not read dos header from C:\WINDOWS\SYSTEM32\dwrite.dll
[1124/205608:ERROR:process_reader_win.cc(233)] ReadMemory at 0x7ffc28232420 of 6656 bytes failed: 仅完成部分的 ReadProcessMemory 或 WriteProcessMemory 请求。 (0x12B)
[1124/205608:ERROR:process_reader_win.cc(233)] ReadMemory at 0x7ff78df70000 of 64 bytes failed: 仅完成部分的 ReadProcessMemory 或 WriteProcessMemory 请求。 (0x12B)
[1124/205608:WARNING:pe_image_reader.cc(281)] could not read dos header from C:\Program Files (x86)\Google\Chrome\Application\chrome.exe
[1124/205608:ERROR:process_reader_win.cc(233)] ReadMemory at 0x7ffc280e0000 of 64 bytes failed: 仅完成部分的 ReadProcessMemory 或 WriteProcessMemory 请求。 (0x12B)
[1124/205608:WARNING:pe_image_reader.cc(281)] could not read dos header from C:\WINDOWS\SYSTEM32\ntdll.dll
[1124/205608:ERROR:process_reader_win.cc(233)] ReadMemory at 0x7ffc25240000 of 64 bytes failed: 仅完成部分的 ReadProcessMemory 或 WriteProcessMemory 请求。 (0x12B)
[1124/205608:WARNING:pe_image_reader.cc(281)] could not read dos header from C:\WINDOWS\System32\KERNELBASE.dll
[1124/205608:ERROR:process_reader_win.cc(233)] ReadMemory at 0x7ffc27780000 of 64 bytes failed: 仅完成部分的 ReadProcessMemory 或 WriteProcessMemory 请求。 (0x12B)
[1124/205608:WARNING:pe_image_reader.cc(281)] could not read dos header from C:\WINDOWS\System32\KERNEL32.DLL
[1124/205608:ERROR:process_reader_win.cc(233)] ReadMemory at 0x7ffc22af0000 of 64 bytes failed: 仅完成部分的 ReadProcessMemory 或 WriteProcessMemory 请求。 (0x12B)
[1124/205608:WARNING:pe_image_reader.cc(281)] could not read dos header from C:\WINDOWS\system32\apphelp.dll
[1124/205608:ERROR:process_reader_win.cc(233)] ReadMemory at 0x7ffc1e660000 of 64 bytes failed: 仅完成部分的 ReadProcessMemory 或 WriteProcessMemory 请求。 (0x12B)
[1124/205608:WARNING:pe_image_reader.cc(281)] could not read dos header from C:\WINDOWS\AppPatch\AppPatch64\AcGenral.dll
[1124/205608:ERROR:process_reader_win.cc(233)] ReadMemory at 0x7ffc27190000 of 64 bytes failed: 仅完成部分的 ReadProcessMemory 或 WriteProcessMemory 请求。 (0x12B)
[1124/205608:WARNING:pe_image_reader.cc(281)] could not read dos header from C:\WINDOWS\System32\msvcrt.dll
[1124/205608:ERROR:process_reader_win.cc(233)] ReadMemory at 0x7ffc27fb0000 of 64 bytes failed: 仅完成部分的 ReadProcessMemory 或 WriteProcessMemory 请求。 (0x12B)
[1124/205608:WARNING:pe_image_reader.cc(281)] could not read dos header from C:\WINDOWS\System32\RPCRT4.dll
[1124/205608:ERROR:process_reader_win.cc(233)] ReadMemory at 0x7ffc27610000 of 64 bytes failed: 仅完成部分的 ReadProcessMemory 或 WriteProcessMemory 请求。 (0x12B)
[1124/205608:WARNING:pe_image_reader.cc(281)] could not read dos header from C:\WINDOWS\System32\sechost.dll
[1124/205608:ERROR:process_reader_win.cc(233)] ReadMemory at 0x7ffc24210000 of 64 bytes failed: 仅完成部分的 ReadProcessMemory 或 WriteProcessMemory 请求。 (0x12B)
[1124/205608:WARNING:pe_image_reader.cc(281)] could not read dos header from C:\WINDOWS\SYSTEM32\SspiCli.dll
[1124/205608:ERROR:process_reader_win.cc(233)] ReadMemory at 0x7ffc25510000 of 64 bytes failed: 仅完成部分的 ReadProcessMemory 或 WriteProcessMemory 请求。 (0x12B)
[1124/205608:WARNING:pe_image_reader.cc(281)] could not read dos header from C:\WINDOWS\System32\ucrtbase.dll
[1124/205608:ERROR:process_reader_win.cc(233)] ReadMemory at 0x7ffc24690000 of 64 bytes failed: 仅完成部分的 ReadProcessMemory 或 WriteProcessMemory 请求。 (0x12B)
[1124/205608:WARNING:pe_image_reader.cc(281)] could not read dos header from C:\WINDOWS\System32\bcryptPrimitives.dll
[1124/205608:ERROR:process_reader_win.cc(233)] ReadMemory at 0x7ffc27890000 of 64 bytes failed: 仅完成部分的 ReadProcessMemory 或 WriteProcessMemory 请求。 (0x12B)
[1124/205608:WARNING:pe_image_reader.cc(281)] could not read dos header from C:\WINDOWS\System32\combase.dll
[1124/205608:ERROR:process_reader_win.cc(233)] ReadMemory at 0x7ffc245d0000 of 64 bytes failed: 仅完成部分的 ReadProcessMemory 或 WriteProcessMemory 请求。 (0x12B)
[1124/205608:WARNING:pe_image_reader.cc(281)] could not read dos header from C:\WINDOWS\System32\win32u.dll
[1124/205608:ERROR:process_reader_win.cc(233)] ReadMemory at 0x7ffc25670000 of 64 bytes failed: 仅完成部分的 ReadProcessMemory 或 WriteProcessMemory 请求。 (0x12B)
[1124/205608:WARNING:pe_image_reader.cc(281)] could not read dos header from C:\WINDOWS\System32\USER32.dll
[1124/205608:ERROR:process_reader_win.cc(233)] ReadMemory at 0x7ffc249d0000 of 64 bytes failed: 仅完成部分的 ReadProcessMemory 或 WriteProcessMemory 请求。 (0x12B)
[1124/205608:WARNING:pe_image_reader.cc(281)] could not read dos header from C:\WINDOWS\System32\gdi32full.dll
[1124/205608:ERROR:process_reader_win.cc(233)] ReadMemory at 0x7ffc26cf0000 of 64 bytes failed: 仅完成部分的 ReadProcessMemory 或 WriteProcessMemory 请求。 (0x12B)
[1124/205608:WARNING:pe_image_reader.cc(281)] could not read dos header from C:\WINDOWS\System32\GDI32.dll
[1124/205608:ERROR:process_reader_win.cc(233)] ReadMemory at 0x7ffc26da0000 of 64 bytes failed: 仅完成部分的 ReadProcessMemory 或 WriteProcessMemory 请求。 (0x12B)
[1124/205608:WARNING:pe_image_reader.cc(281)] could not read dos header from C:\WINDOWS\System32\IMM32.DLL
[1124/205608:ERROR:process_reader_win.cc(233)] ReadMemory at 0x7ffc26f70000 of 64 bytes failed: 仅完成部分的 ReadProcessMemory 或 WriteProcessMemory 请求。 (0x12B)
[1124/205608:WARNING:pe_image_reader.cc(281)] could not read dos header from C:\WINDOWS\System32\SHLWAPI.dll
[1124/205608:ERROR:process_reader_win.cc(233)] ReadMemory at 0x7ffc27450000 of 64 bytes failed: 仅完成部分的 ReadProcessMemory 或 WriteProcessMemory 请求。 (0x12B)
[1124/205608:WARNING:pe_image_reader.cc(281)] could not read dos header from C:\WINDOWS\System32\ole32.dll
[1124/205608:ERROR:process_reader_win.cc(233)] ReadMemory at 0x7ffc248d0000 of 64 bytes failed: 仅完成部分的 ReadProcessMemory 或 WriteProcessMemory 请求。 (0x12B)
[1124/205608:WARNING:pe_image_reader.cc(281)] could not read dos header from C:\WINDOWS\System32\cfgmgr32.dll
[1124/205608:ERROR:process_reader_win.cc(233)] ReadMemory at 0x7ffc24550000 of 64 bytes failed: 仅完成部分的 ReadProcessMemory 或 WriteProcessMemory 请求。 (0x12B)
[1124/205608:WARNING:pe_image_reader.cc(281)] could not read dos header from C:\WINDOWS\System32\powrprof.dll
[1124/205608:ERROR:process_reader_win.cc(233)] ReadMemory at 0x7ffc273a0000 of 64 bytes failed: 仅完成部分的 ReadProcessMemory 或 WriteProcessMemory 请求。 (0x12B)
[1124/205608:WARNING:pe_image_reader.cc(281)] could not read dos header from C:\WINDOWS\System32\advapi32.dll
[1124/205608:ERROR:process_reader_win.cc(233)] ReadMemory at 0x7ffc245a0000 of 64 bytes failed: 仅完成部分的 ReadProcessMemory 或 WriteProcessMemory 请求。 (0x12B)
[1124/205608:WARNING:pe_image_reader.cc(281)] could not read dos header from C:\WINDOWS\System32\kernel.appcore.dll
[1124/205608:ERROR:process_reader_win.cc(233)] ReadMemory at 0x7ffc25460000 of 64 bytes failed: 仅完成部分的 ReadProcessMemory 或 WriteProcessMemory 请求。 (0x12B)
[1124/205608:WARNING:pe_image_reader.cc(281)] could not read dos header from C:\WINDOWS\System32\shcore.dll
[1124/205608:ERROR:process_reader_win.cc(233)] ReadMemory at 0x7ffc245b0000 of 64 bytes failed: 仅完成部分的 ReadProcessMemory 或 WriteProcessMemory 请求。 (0x12B)
[1124/205608:WARNING:pe_image_reader.cc(281)] could not read dos header from C:\WINDOWS\System32\profapi.dll
[1124/205608:ERROR:process_reader_win.cc(233)] ReadMemory at 0x7ffc24b60000 of 64 bytes failed: 仅完成部分的 ReadProcessMemory 或 WriteProcessMemory 请求。 (0x12B)
[1124/205608:WARNING:pe_image_reader.cc(281)] could not read dos header from C:\WINDOWS\System32\windows.storage.dll
[1124/205608:ERROR:process_reader_win.cc(233)] ReadMemory at 0x7ffc257e0000 of 64 bytes failed: 仅完成部分的 ReadProcessMemory 或 WriteProcessMemory 请求。 (0x12B)
[1124/205608:WARNING:pe_image_reader.cc(281)] could not read dos header from C:\WINDOWS\System32\SHELL32.dll
[1124/205608:ERROR:process_reader_win.cc(233)] ReadMemory at 0x7ffc23bc0000 of 64 bytes failed: 仅完成部分的 ReadProcessMemory 或 WriteProcessMemory 请求。 (0x12B)
[1124/205608:WARNING:pe_image_reader.cc(281)] could not read dos header from C:\WINDOWS\SYSTEM32\USERENV.dll
[1124/205608:ERROR:process_reader_win.cc(233)] ReadMemory at 0x7ffc15aa0000 of 64 bytes failed: 仅完成部分的 ReadProcessMemory 或 WriteProcessMemory 请求。 (0x12B)
[1124/205608:WARNING:pe_image_reader.cc(281)] could not read dos header from C:\WINDOWS\SYSTEM32\MPR.dll
[1124/205608:ERROR:process_reader_win.cc(233)] ReadMemory at 0x7ffc23fb0000 of 64 bytes failed: 仅完成部分的 ReadProcessMemory 或 WriteProcessMemory 请求。 (0x12B)
[1124/205608:WARNING:pe_image_reader.cc(281)] could not read dos header from C:\WINDOWS\SYSTEM32\CRYPTBASE.DLL
[1124/205608:ERROR:process_reader_win.cc(233)] ReadMemory at 0x7ffc1e600000 of 64 bytes failed: 仅完成部分的 ReadProcessMemory 或 WriteProcessMemory 请求。 (0x12B)
[1124/205608:WARNING:pe_image_reader.cc(281)] could not read dos header from C:\Program Files (x86)\Google\Chrome\Application\53.0.2785.116\chrome_elf.dll
[1124/205608:ERROR:process_reader_win.cc(233)] ReadMemory at 0x7ffc202a0000 of 64 bytes failed: 仅完成部分的 ReadProcessMemory 或 WriteProcessMemory 请求。 (0x12B)
[1124/205608:WARNING:pe_image_reader.cc(281)] could not read dos header from C:\WINDOWS\SYSTEM32\VERSION.dll
[1124/205608:ERROR:process_reader_win.cc(233)] ReadMemory at 0x7ffc217b0000 of 64 bytes failed: 仅完成部分的 ReadProcessMemory 或 WriteProcessMemory 请求。 (0x12B)
[1124/205608:WARNING:pe_image_reader.cc(281)] could not read dos header from C:\WINDOWS\SYSTEM32\WINMMBASE.dll
[1124/205608:ERROR:process_reader_win.cc(233)] ReadMemory at 0x7ffc21810000 of 64 bytes failed: 仅完成部分的 ReadProcessMemory 或 WriteProcessMemory 请求。 (0x12B)
[1124/205608:WARNING:pe_image_reader.cc(281)] could not read dos header from C:\WINDOWS\SYSTEM32\WINMM.dll
[1124/205608:ERROR:process_reader_win.cc(233)] ReadMemory at 0x7ffc213d0000 of 64 bytes failed: 仅完成部分的 ReadProcessMemory 或 WriteProcessMemory 请求。 (0x12B)
[1124/205608:WARNING:pe_image_reader.cc(281)] could not read dos header from C:\WINDOWS\SYSTEM32\WTSAPI32.dll
[1124/205608:ERROR:process_reader_win.cc(233)] ReadMemory at 0x7ffc21c30000 of 64 bytes failed: 仅完成部分的 ReadProcessMemory 或 WriteProcessMemory 请求。 (0x12B)
[1124/205608:WARNING:pe_image_reader.cc(281)] could not read dos header from C:\WINDOWS\SYSTEM32\WINHTTP.dll
[1124/205608:ERROR:process_reader_win.cc(233)] ReadMemory at 0x7ffc245f0000 of 64 bytes failed: 仅完成部分的 ReadProcessMemory 或 WriteProcessMemory 请求。 (0x12B)
[1124/205608:WARNING:pe_image_reader.cc(281)] could not read dos header from C:\WINDOWS\System32\msvcp_win.dll
[1124/205608:ERROR:process_reader_win.cc(233)] ReadMemory at 0x7ffc270d0000 of 64 bytes failed: 仅完成部分的 ReadProcessMemory 或 WriteProcessMemory 请求。 (0x12B)
[1124/205608:WARNING:pe_image_reader.cc(281)] could not read dos header from C:\WINDOWS\System32\OLEAUT32.dll
[1124/205608:ERROR:process_reader_win.cc(233)] ReadMemory at 0x7ffc16310000 of 64 bytes failed: 仅完成部分的 ReadProcessMemory 或 WriteProcessMemory 请求。 (0x12B)
[1124/205608:WARNING:pe_image_reader.cc(281)] could not read dos header from C:\WINDOWS\SYSTEM32\ninput.dll
[1124/205608:ERROR:process_reader_win.cc(233)] ReadMemory at 0x56270000 of 64 bytes failed: 仅完成部分的 ReadProcessMemory 或 WriteProcessMemory 请求。 (0x12B)
[1124/205608:WARNING:pe_image_reader.cc(281)] could not read dos header from E:\Program Files\360\360safe\safemon\SafeWrapper.dll
[1124/205608:ERROR:process_reader_win.cc(233)] ReadMemory at 0x7ffc26d30000 of 64 bytes failed: 仅完成部分的 ReadProcessMemory 或 WriteProcessMemory 请求。 (0x12B)
[1124/205608:WARNING:pe_image_reader.cc(281)] could not read dos header from C:\WINDOWS\System32\WS2_32.dll
[1124/205608:ERROR:process_reader_win.cc(233)] ReadMemory at 0x7ffc27f90000 of 64 bytes failed: 仅完成部分的 ReadProcessMemory 或 WriteProcessMemory 请求。 (0x12B)
[1124/205608:WARNING:pe_image_reader.cc(281)] could not read dos header from C:\WINDOWS\System32\imagehlp.dll
[1124/205608:ERROR:process_reader_win.cc(233)] ReadMemory at 0x7ffc27770000 of 64 bytes failed: 仅完成部分的 ReadProcessMemory 或 WriteProcessMemory 请求。 (0x12B)
[1124/205608:WARNING:pe_image_reader.cc(281)] could not read dos header from C:\WINDOWS\System32\PSAPI.DLL
[1124/205608:ERROR:process_reader_win.cc(233)] ReadMemory at 0x7ffc166c0000 of 64 bytes failed: 仅完成部分的 ReadProcessMemory 或 WriteProcessMemory 请求。 (0x12B)
[1124/205608:WARNING:pe_image_reader.cc(281)] could not read dos header from C:\WINDOWS\SYSTEM32\NETAPI32.dll
[1124/205608:ERROR:process_reader_win.cc(233)] ReadMemory at 0x7ffc23bb0000 of 64 bytes failed: 仅完成部分的 ReadProcessMemory 或 WriteProcessMemory 请求。 (0x12B)
[1124/205608:WARNING:pe_image_reader.cc(281)] could not read dos header from C:\WINDOWS\SYSTEM32\NETUTILS.DLL
[1124/205608:ERROR:process_reader_win.cc(233)] ReadMemory at 0x7ffc24480000 of 64 bytes failed: 仅完成部分的 ReadProcessMemory 或 WriteProcessMemory 请求。 (0x12B)
[1124/205608:WARNING:pe_image_reader.cc(281)] could not read dos header from C:\WINDOWS\SYSTEM32\bcrypt.dll
[1124/205608:ERROR:process_reader_win.cc(233)] ReadMemory at 0x7ffc1f6f0000 of 64 bytes failed: 仅完成部分的 ReadProcessMemory 或 WriteProcessMemory 请求。 (0x12B)
[1124/205608:WARNING:pe_image_reader.cc(281)] could not read dos header from C:\WINDOWS\SYSTEM32\WKSCLI.DLL
[1124/205608:ERROR:process_reader_win.cc(233)] ReadMemory at 0x560d0000 of 64 bytes failed: 仅完成部分的 ReadProcessMemory 或 WriteProcessMemory 请求。 (0x12B)
[1124/205608:WARNING:pe_image_reader.cc(281)] could not read dos header from E:\Program Files\360\360safe\safemon\safemon64.dll
[1124/205608:ERROR:process_reader_win.cc(233)] ReadMemory at 0x7ffc24540000 of 64 bytes failed: 仅完成部分的 ReadProcessMemory 或 WriteProcessMemory 请求。 (0x12B)
[1124/205608:WARNING:pe_image_reader.cc(281)] could not read dos header from C:\WINDOWS\System32\MSASN1.dll
[1124/205608:ERROR:process_reader_win.cc(233)] ReadMemory at 0x7ffc24700000 of 64 bytes failed: 仅完成部分的 ReadProcessMemory 或 WriteProcessMemory 请求。 (0x12B)
[1124/205608:WARNING:pe_image_reader.cc(281)] could not read dos header from C:\WINDOWS\System32\CRYPT32.dll
[1124/205608:ERROR:process_reader_win.cc(233)] ReadMemory at 0x7ffc25610000 of 64 bytes failed: 仅完成部分的 ReadProcessMemory 或 WriteProcessMemory 请求。 (0x12B)
[1124/205608:WARNING:pe_image_reader.cc(281)] could not read dos header from C:\WINDOWS\System32\WINTRUST.DLL
[1124/205608:ERROR:process_reader_win.cc(233)] ReadMemory at 0x7ffc23fc0000 of 64 bytes failed: 仅完成部分的 ReadProcessMemory 或 WriteProcessMemory 请求。 (0x12B)
[1124/205608:WARNING:pe_image_reader.cc(281)] could not read dos header from C:\WINDOWS\SYSTEM32\CRYPTSP.dll
[1124/205608:ERROR:process_reader_win.cc(233)] ReadMemory at 0x7ffc23ec0000 of 64 bytes failed: 仅完成部分的 ReadProcessMemory 或 WriteProcessMemory 请求。 (0x12B)
[1124/205608:WARNING:pe_image_reader.cc(281)] could not read dos header from C:\WINDOWS\system32\rsaenh.dll
[1124/205608:ERROR:process_reader_win.cc(233)] ReadMemory at 0x7ffc21190000 of 64 bytes failed: 仅完成部分的 ReadProcessMemory 或 WriteProcessMemory 请求。 (0x12B)
[1124/205608:WARNING:pe_image_reader.cc(281)] could not read dos header from C:\WINDOWS\SYSTEM32\WINSPOOL.DRV
[1124/205608:ERROR:process_reader_win.cc(233)] ReadMemory at 0x7ffc1bc20000 of 64 bytes failed: 仅完成部分的 ReadProcessMemory 或 WriteProcessMemory 请求。 (0x12B)
[1124/205608:WARNING:pe_image_reader.cc(281)] could not read dos header from C:\WINDOWS\WinSxS\amd64_microsoft.windows.common-controls_6595b64144ccf1df_6.0.14393.447_none_42191651c6827bb3\COMCTL32.dll
[1124/205608:ERROR:process_reader_win.cc(233)] ReadMemory at 0x7ffc26fd0000 of 64 bytes failed: 仅完成部分的 ReadProcessMemory 或 WriteProcessMemory 请求。 (0x12B)
[1124/205608:WARNING:pe_image_reader.cc(281)] could not read dos header from C:\WINDOWS\System32\COMDLG32.dll
[1124/205608:ERROR:process_reader_win.cc(233)] ReadMemory at 0x7ffc23ad0000 of 64 bytes failed: 仅完成部分的 ReadProcessMemory 或 WriteProcessMemory 请求。 (0x12B)
[1124/205608:WARNING:pe_image_reader.cc(281)] could not read dos header from C:\WINDOWS\SYSTEM32\IPHLPAPI.DLL
[1124/205608:ERROR:process_reader_win.cc(233)] ReadMemory at 0x7ffc1e590000 of 64 bytes failed: 仅完成部分的 ReadProcessMemory 或 WriteProcessMemory 请求。 (0x12B)
[1124/205608:WARNING:pe_image_reader.cc(281)] could not read dos header from C:\WINDOWS\SYSTEM32\USP10.dll
[1124/205608:ERROR:process_reader_win.cc(233)] ReadMemory at 0x7ffc21d00000 of 64 bytes failed: 仅完成部分的 ReadProcessMemory 或 WriteProcessMemory 请求。 (0x12B)
[1124/205608:WARNING:pe_image_reader.cc(281)] could not read dos header from C:\WINDOWS\SYSTEM32\Secur32.dll
[1124/205608:ERROR:process_reader_win.cc(233)] ReadMemory at 0x7ffbf8d30000 of 64 bytes failed: 仅完成部分的 ReadProcessMemory 或 WriteProcessMemory 请求。 (0x12B)
[1124/205608:WARNING:pe_image_reader.cc(281)] could not read dos header from C:\Program Files (x86)\Google\Chrome\Application\53.0.2785.116\chrome_child.dll
[1124/205608:ERROR:process_reader_win.cc(233)] ReadMemory at 0x7ffc1ccb0000 of 64 bytes failed: 仅完成部分的 ReadProcessMemory 或 WriteProcessMemory 请求。 (0x12B)
[1124/205608:WARNING:pe_image_reader.cc(281)] could not read dos header from C:\WINDOWS\SYSTEM32\dwrite.dll
[1124/205608:ERROR:process_reader_win.cc(233)] ReadMemory at 0x7ff78df70000 of 64 bytes failed: 仅完成部分的 ReadProcessMemory 或 WriteProcessMemory 请求。 (0x12B)
[1124/205608:WARNING:pe_image_reader.cc(281)] could not read dos header from C:\Program Files (x86)\Google\Chrome\Application\chrome.exe
[1124/205608:ERROR:process_reader_win.cc(233)] ReadMemory at 0x7ffc280e0000 of 64 bytes failed: 仅完成部分的 ReadProcessMemory 或 WriteProcessMemory 请求。 (0x12B)
[1124/205608:WARNING:pe_image_reader.cc(281)] could not read dos header from C:\WINDOWS\SYSTEM32\ntdll.dll
[1124/205608:ERROR:process_reader_win.cc(233)] ReadMemory at 0x7ffc25240000 of 64 bytes failed: 仅完成部分的 ReadProcessMemory 或 WriteProcessMemory 请求。 (0x12B)
[1124/205608:WARNING:pe_image_reader.cc(281)] could not read dos header from C:\WINDOWS\System32\KERNELBASE.dll
[1124/205608:ERROR:process_reader_win.cc(233)] ReadMemory at 0x7ffc27780000 of 64 bytes failed: 仅完成部分的 ReadProcessMemory 或 WriteProcessMemory 请求。 (0x12B)
[1124/205608:WARNING:pe_image_reader.cc(281)] could not read dos header from C:\WINDOWS\System32\KERNEL32.DLL
[1124/205608:ERROR:process_reader_win.cc(233)] ReadMemory at 0x7ffc22af0000 of 64 bytes failed: 仅完成部分的 ReadProcessMemory 或 WriteProcessMemory 请求。 (0x12B)
[1124/205608:WARNING:pe_image_reader.cc(281)] could not read dos header from C:\WINDOWS\system32\apphelp.dll
[1124/205608:ERROR:process_reader_win.cc(233)] ReadMemory at 0x7ffc1e660000 of 64 bytes failed: 仅完成部分的 ReadProcessMemory 或 WriteProcessMemory 请求。 (0x12B)
[1124/205608:WARNING:pe_image_reader.cc(281)] could not read dos header from C:\WINDOWS\AppPatch\AppPatch64\AcGenral.dll
[1124/205608:ERROR:process_reader_win.cc(233)] ReadMemory at 0x7ffc27190000 of 64 bytes failed: 仅完成部分的 ReadProcessMemory 或 WriteProcessMemory 请求。 (0x12B)
[1124/205608:WARNING:pe_image_reader.cc(281)] could not read dos header from C:\WINDOWS\System32\msvcrt.dll
[1124/205608:ERROR:process_reader_win.cc(233)] ReadMemory at 0x7ffc27fb0000 of 64 bytes failed: 仅完成部分的 ReadProcessMemory 或 WriteProcessMemory 请求。 (0x12B)
[1124/205608:WARNING:pe_image_reader.cc(281)] could not read dos header from C:\WINDOWS\System32\RPCRT4.dll
[1124/205608:ERROR:process_reader_win.cc(233)] ReadMemory at 0x7ffc27610000 of 64 bytes failed: 仅完成部分的 ReadProcessMemory 或 WriteProcessMemory 请求。 (0x12B)
[1124/205608:WARNING:pe_image_reader.cc(281)] could not read dos header from C:\WINDOWS\System32\sechost.dll
[1124/205608:ERROR:process_reader_win.cc(233)] ReadMemory at 0x7ffc24210000 of 64 bytes failed: 仅完成部分的 ReadProcessMemory 或 WriteProcessMemory 请求。 (0x12B)
[1124/205608:WARNING:pe_image_reader.cc(281)] could not read dos header from C:\WINDOWS\SYSTEM32\SspiCli.dll
[1124/205608:ERROR:process_reader_win.cc(233)] ReadMemory at 0x7ffc25510000 of 64 bytes failed: 仅完成部分的 ReadProcessMemory 或 WriteProcessMemory 请求。 (0x12B)
[1124/205608:WARNING:pe_image_reader.cc(281)] could not read dos header from C:\WINDOWS\System32\ucrtbase.dll
[1124/205608:ERROR:process_reader_win.cc(233)] ReadMemory at 0x7ffc24690000 of 64 bytes failed: 仅完成部分的 ReadProcessMemory 或 WriteProcessMemory 请求。 (0x12B)
[1124/205608:WARNING:pe_image_reader.cc(281)] could not read dos header from C:\WINDOWS\System32\bcryptPrimitives.dll
[1124/205608:ERROR:process_reader_win.cc(233)] ReadMemory at 0x7ffc27890000 of 64 bytes failed: 仅完成部分的 ReadProcessMemory 或 WriteProcessMemory 请求。 (0x12B)
[1124/205608:WARNING:pe_image_reader.cc(281)] could not read dos header from C:\WINDOWS\System32\combase.dll
[1124/205608:ERROR:process_reader_win.cc(233)] ReadMemory at 0x7ffc245d0000 of 64 bytes failed: 仅完成部分的 ReadProcessMemory 或 WriteProcessMemory 请求。 (0x12B)
[1124/205608:WARNING:pe_image_reader.cc(281)] could not read dos header from C:\WINDOWS\System32\win32u.dll
[1124/205608:ERROR:process_reader_win.cc(233)] ReadMemory at 0x7ffc25670000 of 64 bytes failed: 仅完成部分的 ReadProcessMemory 或 WriteProcessMemory 请求。 (0x12B)
[1124/205608:WARNING:pe_image_reader.cc(281)] could not read dos header from C:\WINDOWS\System32\USER32.dll
[1124/205608:ERROR:process_reader_win.cc(233)] ReadMemory at 0x7ffc249d0000 of 64 bytes failed: 仅完成部分的 ReadProcessMemory 或 WriteProcessMemory 请求。 (0x12B)
[1124/205608:WARNING:pe_image_reader.cc(281)] could not read dos header from C:\WINDOWS\System32\gdi32full.dll
[1124/205608:ERROR:process_reader_win.cc(233)] ReadMemory at 0x7ffc26cf0000 of 64 bytes failed: 仅完成部分的 ReadProcessMemory 或 WriteProcessMemory 请求。 (0x12B)
[1124/205608:WARNING:pe_image_reader.cc(281)] could not read dos header from C:\WINDOWS\System32\GDI32.dll
[1124/205608:ERROR:process_reader_win.cc(233)] ReadMemory at 0x7ffc26da0000 of 64 bytes failed: 仅完成部分的 ReadProcessMemory 或 WriteProcessMemory 请求。 (0x12B)
[1124/205608:WARNING:pe_image_reader.cc(281)] could not read dos header from C:\WINDOWS\System32\IMM32.DLL
[1124/205608:ERROR:process_reader_win.cc(233)] ReadMemory at 0x7ffc26f70000 of 64 bytes failed: 仅完成部分的 ReadProcessMemory 或 WriteProcessMemory 请求。 (0x12B)
[1124/205608:WARNING:pe_image_reader.cc(281)] could not read dos header from C:\WINDOWS\System32\SHLWAPI.dll
[1124/205608:ERROR:process_reader_win.cc(233)] ReadMemory at 0x7ffc27450000 of 64 bytes failed: 仅完成部分的 ReadProcessMemory 或 WriteProcessMemory 请求。 (0x12B)
[1124/205608:WARNING:pe_image_reader.cc(281)] could not read dos header from C:\WINDOWS\System32\ole32.dll
[1124/205608:ERROR:process_reader_win.cc(233)] ReadMemory at 0x7ffc248d0000 of 64 bytes failed: 仅完成部分的 ReadProcessMemory 或 WriteProcessMemory 请求。 (0x12B)
[1124/205608:WARNING:pe_image_reader.cc(281)] could not read dos header from C:\WINDOWS\System32\cfgmgr32.dll
[1124/205608:ERROR:process_reader_win.cc(233)] ReadMemory at 0x7ffc24550000 of 64 bytes failed: 仅完成部分的 ReadProcessMemory 或 WriteProcessMemory 请求。 (0x12B)
[1124/205608:WARNING:pe_image_reader.cc(281)] could not read dos header from C:\WINDOWS\System32\powrprof.dll
[1124/205608:ERROR:process_reader_win.cc(233)] ReadMemory at 0x7ffc273a0000 of 64 bytes failed: 仅完成部分的 ReadProcessMemory 或 WriteProcessMemory 请求。 (0x12B)
[1124/205608:WARNING:pe_image_reader.cc(281)] could not read dos header from C:\WINDOWS\System32\advapi32.dll
[1124/205608:ERROR:process_reader_win.cc(233)] ReadMemory at 0x7ffc245a0000 of 64 bytes failed: 仅完成部分的 ReadProcessMemory 或 WriteProcessMemory 请求。 (0x12B)
[1124/205608:WARNING:pe_image_reader.cc(281)] could not read dos header from C:\WINDOWS\System32\kernel.appcore.dll
[1124/205608:ERROR:process_reader_win.cc(233)] ReadMemory at 0x7ffc25460000 of 64 bytes failed: 仅完成部分的 ReadProcessMemory 或 WriteProcessMemory 请求。 (0x12B)
[1124/205608:WARNING:pe_image_reader.cc(281)] could not read dos header from C:\WINDOWS\System32\shcore.dll
[1124/205608:ERROR:process_reader_win.cc(233)] ReadMemory at 0x7ffc245b0000 of 64 bytes failed: 仅完成部分的 ReadProcessMemory 或 WriteProcessMemory 请求。 (0x12B)
[1124/205608:WARNING:pe_image_reader.cc(281)] could not read dos header from C:\WINDOWS\System32\profapi.dll
[1124/205608:ERROR:process_reader_win.cc(233)] ReadMemory at 0x7ffc24b60000 of 64 bytes failed: 仅完成部分的 ReadProcessMemory 或 WriteProcessMemory 请求。 (0x12B)
[1124/205608:WARNING:pe_image_reader.cc(281)] could not read dos header from C:\WINDOWS\System32\windows.storage.dll
[1124/205608:ERROR:process_reader_win.cc(233)] ReadMemory at 0x7ffc257e0000 of 64 bytes failed: 仅完成部分的 ReadProcessMemory 或 WriteProcessMemory 请求。 (0x12B)
[1124/205608:WARNING:pe_image_reader.cc(281)] could not read dos header from C:\WINDOWS\System32\SHELL32.dll
[1124/205608:ERROR:process_reader_win.cc(233)] ReadMemory at 0x7ffc23bc0000 of 64 bytes failed: 仅完成部分的 ReadProcessMemory 或 WriteProcessMemory 请求。 (0x12B)
[1124/205608:WARNING:pe_image_reader.cc(281)] could not read dos header from C:\WINDOWS\SYSTEM32\USERENV.dll
[1124/205608:ERROR:process_reader_win.cc(233)] ReadMemory at 0x7ffc15aa0000 of 64 bytes failed: 仅完成部分的 ReadProcessMemory 或 WriteProcessMemory 请求。 (0x12B)
[1124/205608:WARNING:pe_image_reader.cc(281)] could not read dos header from C:\WINDOWS\SYSTEM32\MPR.dll
[1124/205608:ERROR:process_reader_win.cc(233)] ReadMemory at 0x7ffc23fb0000 of 64 bytes failed: 仅完成部分的 ReadProcessMemory 或 WriteProcessMemory 请求。 (0x12B)
[1124/205608:WARNING:pe_image_reader.cc(281)] could not read dos header from C:\WINDOWS\SYSTEM32\CRYPTBASE.DLL
[1124/205608:ERROR:process_reader_win.cc(233)] ReadMemory at 0x7ffc1e600000 of 64 bytes failed: 仅完成部分的 ReadProcessMemory 或 WriteProcessMemory 请求。 (0x12B)
[1124/205608:WARNING:pe_image_reader.cc(281)] could not read dos header from C:\Program Files (x86)\Google\Chrome\Application\53.0.2785.116\chrome_elf.dll
[1124/205608:ERROR:process_reader_win.cc(233)] ReadMemory at 0x7ffc202a0000 of 64 bytes failed: 仅完成部分的 ReadProcessMemory 或 WriteProcessMemory 请求。 (0x12B)
[1124/205608:WARNING:pe_image_reader.cc(281)] could not read dos header from C:\WINDOWS\SYSTEM32\VERSION.dll
[1124/205608:ERROR:process_reader_win.cc(233)] ReadMemory at 0x7ffc217b0000 of 64 bytes failed: 仅完成部分的 ReadProcessMemory 或 WriteProcessMemory 请求。 (0x12B)
[1124/205608:WARNING:pe_image_reader.cc(281)] could not read dos header from C:\WINDOWS\SYSTEM32\WINMMBASE.dll
[1124/205608:ERROR:process_reader_win.cc(233)] ReadMemory at 0x7ffc21810000 of 64 bytes failed: 仅完成部分的 ReadProcessMemory 或 WriteProcessMemory 请求。 (0x12B)
[1124/205608:WARNING:pe_image_reader.cc(281)] could not read dos header from C:\WINDOWS\SYSTEM32\WINMM.dll
[1124/205608:ERROR:process_reader_win.cc(233)] ReadMemory at 0x7ffc213d0000 of 64 bytes failed: 仅完成部分的 ReadProcessMemory 或 WriteProcessMemory 请求。 (0x12B)
[1124/205608:WARNING:pe_image_reader.cc(281)] could not read dos header from C:\WINDOWS\SYSTEM32\WTSAPI32.dll
[1124/205608:ERROR:process_reader_win.cc(233)] ReadMemory at 0x7ffc21c30000 of 64 bytes failed: 仅完成部分的 ReadProcessMemory 或 WriteProcessMemory 请求。 (0x12B)
[1124/205608:WARNING:pe_image_reader.cc(281)] could not read dos header from C:\WINDOWS\SYSTEM32\WINHTTP.dll
[1124/205608:ERROR:process_reader_win.cc(233)] ReadMemory at 0x7ffc245f0000 of 64 bytes failed: 仅完成部分的 ReadProcessMemory 或 WriteProcessMemory 请求。 (0x12B)
[1124/205608:WARNING:pe_image_reader.cc(281)] could not read dos header from C:\WINDOWS\System32\msvcp_win.dll
[1124/205608:ERROR:process_reader_win.cc(233)] ReadMemory at 0x7ffc270d0000 of 64 bytes failed: 仅完成部分的 ReadProcessMemory 或 WriteProcessMemory 请求。 (0x12B)
[1124/205608:WARNING:pe_image_reader.cc(281)] could not read dos header from C:\WINDOWS\System32\OLEAUT32.dll
[1124/205608:ERROR:process_reader_win.cc(233)] ReadMemory at 0x7ffc16310000 of 64 bytes failed: 仅完成部分的 ReadProcessMemory 或 WriteProcessMemory 请求。 (0x12B)
[1124/205608:WARNING:pe_image_reader.cc(281)] could not read dos header from C:\WINDOWS\SYSTEM32\ninput.dll
[1124/205608:ERROR:process_reader_win.cc(233)] ReadMemory at 0x56270000 of 64 bytes failed: 仅完成部分的 ReadProcessMemory 或 WriteProcessMemory 请求。 (0x12B)
[1124/205608:WARNING:pe_image_reader.cc(281)] could not read dos header from E:\Program Files\360\360safe\safemon\SafeWrapper.dll
[1124/205608:ERROR:process_reader_win.cc(233)] ReadMemory at 0x7ffc26d30000 of 64 bytes failed: 仅完成部分的 ReadProcessMemory 或 WriteProcessMemory 请求。 (0x12B)
[1124/205608:WARNING:pe_image_reader.cc(281)] could not read dos header from C:\WINDOWS\System32\WS2_32.dll
[1124/205608:ERROR:process_reader_win.cc(233)] ReadMemory at 0x7ffc27f90000 of 64 bytes failed: 仅完成部分的 ReadProcessMemory 或 WriteProcessMemory 请求。 (0x12B)
[1124/205608:WARNING:pe_image_reader.cc(281)] could not read dos header from C:\WINDOWS\System32\imagehlp.dll
[1124/205608:ERROR:process_reader_win.cc(233)] ReadMemory at 0x7ffc27770000 of 64 bytes failed: 仅完成部分的 ReadProcessMemory 或 WriteProcessMemory 请求。 (0x12B)
[1124/205608:WARNING:pe_image_reader.cc(281)] could not read dos header from C:\WINDOWS\System32\PSAPI.DLL
[1124/205608:ERROR:process_reader_win.cc(233)] ReadMemory at 0x7ffc166c0000 of 64 bytes failed: 仅完成部分的 ReadProcessMemory 或 WriteProcessMemory 请求。 (0x12B)
[1124/205608:WARNING:pe_image_reader.cc(281)] could not read dos header from C:\WINDOWS\SYSTEM32\NETAPI32.dll
[1124/205608:ERROR:process_reader_win.cc(233)] ReadMemory at 0x7ffc23bb0000 of 64 bytes failed: 仅完成部分的 ReadProcessMemory 或 WriteProcessMemory 请求。 (0x12B)
[1124/205608:WARNING:pe_image_reader.cc(281)] could not read dos header from C:\WINDOWS\SYSTEM32\NETUTILS.DLL
[1124/205608:ERROR:process_reader_win.cc(233)] ReadMemory at 0x7ffc24480000 of 64 bytes failed: 仅完成部分的 ReadProcessMemory 或 WriteProcessMemory 请求。 (0x12B)
[1124/205608:WARNING:pe_image_reader.cc(281)] could not read dos header from C:\WINDOWS\SYSTEM32\bcrypt.dll
[1124/205608:ERROR:process_reader_win.cc(233)] ReadMemory at 0x7ffc1f6f0000 of 64 bytes failed: 仅完成部分的 ReadProcessMemory 或 WriteProcessMemory 请求。 (0x12B)
[1124/205608:WARNING:pe_image_reader.cc(281)] could not read dos header from C:\WINDOWS\SYSTEM32\WKSCLI.DLL
[1124/205608:ERROR:process_reader_win.cc(233)] ReadMemory at 0x560d0000 of 64 bytes failed: 仅完成部分的 ReadProcessMemory 或 WriteProcessMemory 请求。 (0x12B)
[1124/205608:WARNING:pe_image_reader.cc(281)] could not read dos header from E:\Program Files\360\360safe\safemon\safemon64.dll
[1124/205608:ERROR:process_reader_win.cc(233)] ReadMemory at 0x7ffc24540000 of 64 bytes failed: 仅完成部分的 ReadProcessMemory 或 WriteProcessMemory 请求。 (0x12B)
[1124/205608:WARNING:pe_image_reader.cc(281)] could not read dos header from C:\WINDOWS\System32\MSASN1.dll
[1124/205608:ERROR:process_reader_win.cc(233)] ReadMemory at 0x7ffc24700000 of 64 bytes failed: 仅完成部分的 ReadProcessMemory 或 WriteProcessMemory 请求。 (0x12B)
[1124/205608:WARNING:pe_image_reader.cc(281)] could not read dos header from C:\WINDOWS\System32\CRYPT32.dll
[1124/205608:ERROR:process_reader_win.cc(233)] ReadMemory at 0x7ffc25610000 of 64 bytes failed: 仅完成部分的 ReadProcessMemory 或 WriteProcessMemory 请求。 (0x12B)
[1124/205608:WARNING:pe_image_reader.cc(281)] could not read dos header from C:\WINDOWS\System32\WINTRUST.DLL
[1124/205608:ERROR:process_reader_win.cc(233)] ReadMemory at 0x7ffc23fc0000 of 64 bytes failed: 仅完成部分的 ReadProcessMemory 或 WriteProcessMemory 请求。 (0x12B)
[1124/205608:WARNING:pe_image_reader.cc(281)] could not read dos header from C:\WINDOWS\SYSTEM32\CRYPTSP.dll
[1124/205608:ERROR:process_reader_win.cc(233)] ReadMemory at 0x7ffc23ec0000 of 64 bytes failed: 仅完成部分的 ReadProcessMemory 或 WriteProcessMemory 请求。 (0x12B)
[1124/205608:WARNING:pe_image_reader.cc(281)] could not read dos header from C:\WINDOWS\system32\rsaenh.dll
[1124/205608:ERROR:process_reader_win.cc(233)] ReadMemory at 0x7ffc21190000 of 64 bytes failed: 仅完成部分的 ReadProcessMemory 或 WriteProcessMemory 请求。 (0x12B)
[1124/205608:WARNING:pe_image_reader.cc(281)] could not read dos header from C:\WINDOWS\SYSTEM32\WINSPOOL.DRV
[1124/205608:ERROR:process_reader_win.cc(233)] ReadMemory at 0x7ffc1bc20000 of 64 bytes failed: 仅完成部分的 ReadProcessMemory 或 WriteProcessMemory 请求。 (0x12B)
[1124/205608:WARNING:pe_image_reader.cc(281)] could not read dos header from C:\WINDOWS\WinSxS\amd64_microsoft.windows.common-controls_6595b64144ccf1df_6.0.14393.447_none_42191651c6827bb3\COMCTL32.dll
[1124/205608:ERROR:process_reader_win.cc(233)] ReadMemory at 0x7ffc26fd0000 of 64 bytes failed: 仅完成部分的 ReadProcessMemory 或 WriteProcessMemory 请求。 (0x12B)
[1124/205608:WARNING:pe_image_reader.cc(281)] could not read dos header from C:\WINDOWS\System32\COMDLG32.dll
[1124/205608:ERROR:process_reader_win.cc(233)] ReadMemory at 0x7ffc23ad0000 of 64 bytes failed: 仅完成部分的 ReadProcessMemory 或 WriteProcessMemory 请求。 (0x12B)
[1124/205608:WARNING:pe_image_reader.cc(281)] could not read dos header from C:\WINDOWS\SYSTEM32\IPHLPAPI.DLL
[1124/205608:ERROR:process_reader_win.cc(233)] ReadMemory at 0x7ffc1e590000 of 64 bytes failed: 仅完成部分的 ReadProcessMemory 或 WriteProcessMemory 请求。 (0x12B)
[1124/205608:WARNING:pe_image_reader.cc(281)] could not read dos header from C:\WINDOWS\SYSTEM32\USP10.dll
[1124/205608:ERROR:process_reader_win.cc(233)] ReadMemory at 0x7ffc21d00000 of 64 bytes failed: 仅完成部分的 ReadProcessMemory 或 WriteProcessMemory 请求。 (0x12B)
[1124/205608:WARNING:pe_image_reader.cc(281)] could not read dos header from C:\WINDOWS\SYSTEM32\Secur32.dll
[1124/205608:ERROR:process_reader_win.cc(233)] ReadMemory at 0x7ffbf8d30000 of 64 bytes failed: 仅完成部分的 ReadProcessMemory 或 WriteProcessMemory 请求。 (0x12B)
[1124/205608:WARNING:pe_image_reader.cc(281)] could not read dos header from C:\Program Files (x86)\Google\Chrome\Application\53.0.2785.116\chrome_child.dll
[1124/205608:ERROR:process_reader_win.cc(233)] ReadMemory at 0x7ffc1ccb0000 of 64 bytes failed: 仅完成部分的 ReadProcessMemory 或 WriteProcessMemory 请求。 (0x12B)
[1124/205608:WARNING:pe_image_reader.cc(281)] could not read dos header from C:\WINDOWS\SYSTEM32\dwrite.dll
[1124/205608:ERROR:process_reader_win.cc(233)] ReadMemory at 0x7ff78df70000 of 64 bytes failed: 仅完成部分的 ReadProcessMemory 或 WriteProcessMemory 请求。 (0x12B)
[1124/205608:WARNING:pe_image_reader.cc(281)] could not read dos header from C:\Program Files (x86)\Google\Chrome\Application\chrome.exe
[1124/205608:ERROR:process_reader_win.cc(233)] ReadMemory at 0x7ffc280e0000 of 64 bytes failed: 仅完成部分的 ReadProcessMemory 或 WriteProcessMemory 请求。 (0x12B)
[1124/205608:WARNING:pe_image_reader.cc(281)] could not read dos header from C:\WINDOWS\SYSTEM32\ntdll.dll
[1124/205608:ERROR:process_reader_win.cc(233)] ReadMemory at 0x7ffc25240000 of 64 bytes failed: 仅完成部分的 ReadProcessMemory 或 WriteProcessMemory 请求。 (0x12B)
[1124/205608:WARNING:pe_image_reader.cc(281)] could not read dos header from C:\WINDOWS\System32\KERNELBASE.dll
[1124/205608:ERROR:process_reader_win.cc(233)] ReadMemory at 0x7ffc27780000 of 64 bytes failed: 仅完成部分的 ReadProcessMemory 或 WriteProcessMemory 请求。 (0x12B)
[1124/205608:WARNING:pe_image_reader.cc(281)] could not read dos header from C:\WINDOWS\System32\KERNEL32.DLL
[1124/205608:ERROR:process_reader_win.cc(233)] ReadMemory at 0x7ffc22af0000 of 64 bytes failed: 仅完成部分的 ReadProcessMemory 或 WriteProcessMemory 请求。 (0x12B)
[1124/205608:WARNING:pe_image_reader.cc(281)] could not read dos header from C:\WINDOWS\system32\apphelp.dll
[1124/205608:ERROR:process_reader_win.cc(233)] ReadMemory at 0x7ffc1e660000 of 64 bytes failed: 仅完成部分的 ReadProcessMemory 或 WriteProcessMemory 请求。 (0x12B)
[1124/205608:WARNING:pe_image_reader.cc(281)] could not read dos header from C:\WINDOWS\AppPatch\AppPatch64\AcGenral.dll
[1124/205608:ERROR:process_reader_win.cc(233)] ReadMemory at 0x7ffc27190000 of 64 bytes failed: 仅完成部分的 ReadProcessMemory 或 WriteProcessMemory 请求。 (0x12B)
[1124/205608:WARNING:pe_image_reader.cc(281)] could not read dos header from C:\WINDOWS\System32\msvcrt.dll
[1124/205608:ERROR:process_reader_win.cc(233)] ReadMemory at 0x7ffc27fb0000 of 64 bytes failed: 仅完成部分的 ReadProcessMemory 或 WriteProcessMemory 请求。 (0x12B)
[1124/205608:WARNING:pe_image_reader.cc(281)] could not read dos header from C:\WINDOWS\System32\RPCRT4.dll
[1124/205608:ERROR:process_reader_win.cc(233)] ReadMemory at 0x7ffc27610000 of 64 bytes failed: 仅完成部分的 ReadProcessMemory 或 WriteProcessMemory 请求。 (0x12B)
[1124/205608:WARNING:pe_image_reader.cc(281)] could not read dos header from C:\WINDOWS\System32\sechost.dll
[1124/205608:ERROR:process_reader_win.cc(233)] ReadMemory at 0x7ffc24210000 of 64 bytes failed: 仅完成部分的 ReadProcessMemory 或 WriteProcessMemory 请求。 (0x12B)
[1124/205608:WARNING:pe_image_reader.cc(281)] could not read dos header from C:\WINDOWS\SYSTEM32\SspiCli.dll
[1124/205608:ERROR:process_reader_win.cc(233)] ReadMemory at 0x7ffc25510000 of 64 bytes failed: 仅完成部分的 ReadProcessMemory 或 WriteProcessMemory 请求。 (0x12B)
[1124/205608:WARNING:pe_image_reader.cc(281)] could not read dos header from C:\WINDOWS\System32\ucrtbase.dll
[1124/205608:ERROR:process_reader_win.cc(233)] ReadMemory at 0x7ffc24690000 of 64 bytes failed: 仅完成部分的 ReadProcessMemory 或 WriteProcessMemory 请求。 (0x12B)
[1124/205608:WARNING:pe_image_reader.cc(281)] could not read dos header from C:\WINDOWS\System32\bcryptPrimitives.dll
[1124/205608:ERROR:process_reader_win.cc(233)] ReadMemory at 0x7ffc27890000 of 64 bytes failed: 仅完成部分的 ReadProcessMemory 或 WriteProcessMemory 请求。 (0x12B)
[1124/205608:WARNING:pe_image_reader.cc(281)] could not read dos header from C:\WINDOWS\System32\combase.dll
[1124/205608:ERROR:process_reader_win.cc(233)] ReadMemory at 0x7ffc245d0000 of 64 bytes failed: 仅完成部分的 ReadProcessMemory 或 WriteProcessMemory 请求。 (0x12B)
[1124/205608:WARNING:pe_image_reader.cc(281)] could not read dos header from C:\WINDOWS\System32\win32u.dll
[1124/205608:ERROR:process_reader_win.cc(233)] ReadMemory at 0x7ffc25670000 of 64 bytes failed: 仅完成部分的 ReadProcessMemory 或 WriteProcessMemory 请求。 (0x12B)
[1124/205608:WARNING:pe_image_reader.cc(281)] could not read dos header from C:\WINDOWS\System32\USER32.dll
[1124/205608:ERROR:process_reader_win.cc(233)] ReadMemory at 0x7ffc249d0000 of 64 bytes failed: 仅完成部分的 ReadProcessMemory 或 WriteProcessMemory 请求。 (0x12B)
[1124/205608:WARNING:pe_image_reader.cc(281)] could not read dos header from C:\WINDOWS\System32\gdi32full.dll
[1124/205608:ERROR:process_reader_win.cc(233)] ReadMemory at 0x7ffc26cf0000 of 64 bytes failed: 仅完成部分的 ReadProcessMemory 或 WriteProcessMemory 请求。 (0x12B)
[1124/205608:WARNING:pe_image_reader.cc(281)] could not read dos header from C:\WINDOWS\System32\GDI32.dll
[1124/205608:ERROR:process_reader_win.cc(233)] ReadMemory at 0x7ffc26da0000 of 64 bytes failed: 仅完成部分的 ReadProcessMemory 或 WriteProcessMemory 请求。 (0x12B)
[1124/205608:WARNING:pe_image_reader.cc(281)] could not read dos header from C:\WINDOWS\System32\IMM32.DLL
[1124/205608:ERROR:process_reader_win.cc(233)] ReadMemory at 0x7ffc26f70000 of 64 bytes failed: 仅完成部分的 ReadProcessMemory 或 WriteProcessMemory 请求。 (0x12B)
[1124/205608:WARNING:pe_image_reader.cc(281)] could not read dos header from C:\WINDOWS\System32\SHLWAPI.dll
[1124/205608:ERROR:process_reader_win.cc(233)] ReadMemory at 0x7ffc27450000 of 64 bytes failed: 仅完成部分的 ReadProcessMemory 或 WriteProcessMemory 请求。 (0x12B)
[1124/205608:WARNING:pe_image_reader.cc(281)] could not read dos header from C:\WINDOWS\System32\ole32.dll
[1124/205608:ERROR:process_reader_win.cc(233)] ReadMemory at 0x7ffc248d0000 of 64 bytes failed: 仅完成部分的 ReadProcessMemory 或 WriteProcessMemory 请求。 (0x12B)
[1124/205608:WARNING:pe_image_reader.cc(281)] could not read dos header from C:\WINDOWS\System32\cfgmgr32.dll
[1124/205608:ERROR:process_reader_win.cc(233)] ReadMemory at 0x7ffc24550000 of 64 bytes failed: 仅完成部分的 ReadProcessMemory 或 WriteProcessMemory 请求。 (0x12B)
[1124/205608:WARNING:pe_image_reader.cc(281)] could not read dos header from C:\WINDOWS\System32\powrprof.dll
[1124/205608:ERROR:process_reader_win.cc(233)] ReadMemory at 0x7ffc273a0000 of 64 bytes failed: 仅完成部分的 ReadProcessMemory 或 WriteProcessMemory 请求。 (0x12B)
[1124/205608:WARNING:pe_image_reader.cc(281)] could not read dos header from C:\WINDOWS\System32\advapi32.dll
[1124/205608:ERROR:process_reader_win.cc(233)] ReadMemory at 0x7ffc245a0000 of 64 bytes failed: 仅完成部分的 ReadProcessMemory 或 WriteProcessMemory 请求。 (0x12B)
[1124/205608:WARNING:pe_image_reader.cc(281)] could not read dos header from C:\WINDOWS\System32\kernel.appcore.dll
[1124/205608:ERROR:process_reader_win.cc(233)] ReadMemory at 0x7ffc25460000 of 64 bytes failed: 仅完成部分的 ReadProcessMemory 或 WriteProcessMemory 请求。 (0x12B)
[1124/205608:WARNING:pe_image_reader.cc(281)] could not read dos header from C:\WINDOWS\System32\shcore.dll
[1124/205608:ERROR:process_reader_win.cc(233)] ReadMemory at 0x7ffc245b0000 of 64 bytes failed: 仅完成部分的 ReadProcessMemory 或 WriteProcessMemory 请求。 (0x12B)
[1124/205608:WARNING:pe_image_reader.cc(281)] could not read dos header from C:\WINDOWS\System32\profapi.dll
[1124/205608:ERROR:process_reader_win.cc(233)] ReadMemory at 0x7ffc24b60000 of 64 bytes failed: 仅完成部分的 ReadProcessMemory 或 WriteProcessMemory 请求。 (0x12B)
[1124/205608:WARNING:pe_image_reader.cc(281)] could not read dos header from C:\WINDOWS\System32\windows.storage.dll
[1124/205608:ERROR:process_reader_win.cc(233)] ReadMemory at 0x7ffc257e0000 of 64 bytes failed: 仅完成部分的 ReadProcessMemory 或 WriteProcessMemory 请求。 (0x12B)
[1124/205608:WARNING:pe_image_reader.cc(281)] could not read dos header from C:\WINDOWS\System32\SHELL32.dll
[1124/205608:ERROR:process_reader_win.cc(233)] ReadMemory at 0x7ffc23bc0000 of 64 bytes failed: 仅完成部分的 ReadProcessMemory 或 WriteProcessMemory 请求。 (0x12B)
[1124/205608:WARNING:pe_image_reader.cc(281)] could not read dos header from C:\WINDOWS\SYSTEM32\USERENV.dll
[1124/205608:ERROR:process_reader_win.cc(233)] ReadMemory at 0x7ffc15aa0000 of 64 bytes failed: 仅完成部分的 ReadProcessMemory 或 WriteProcessMemory 请求。 (0x12B)
[1124/205608:WARNING:pe_image_reader.cc(281)] could not read dos header from C:\WINDOWS\SYSTEM32\MPR.dll
[1124/205608:ERROR:process_reader_win.cc(233)] ReadMemory at 0x7ffc23fb0000 of 64 bytes failed: 仅完成部分的 ReadProcessMemory 或 WriteProcessMemory 请求。 (0x12B)
[1124/205608:WARNING:pe_image_reader.cc(281)] could not read dos header from C:\WINDOWS\SYSTEM32\CRYPTBASE.DLL
[1124/205608:ERROR:process_reader_win.cc(233)] ReadMemory at 0x7ffc1e600000 of 64 bytes failed: 仅完成部分的 ReadProcessMemory 或 WriteProcessMemory 请求。 (0x12B)
[1124/205608:WARNING:pe_image_reader.cc(281)] could not read dos header from C:\Program Files (x86)\Google\Chrome\Application\53.0.2785.116\chrome_elf.dll
[1124/205608:ERROR:process_reader_win.cc(233)] ReadMemory at 0x7ffc202a0000 of 64 bytes failed: 仅完成部分的 ReadProcessMemory 或 WriteProcessMemory 请求。 (0x12B)
[1124/205608:WARNING:pe_image_reader.cc(281)] could not read dos header from C:\WINDOWS\SYSTEM32\VERSION.dll
[1124/205608:ERROR:process_reader_win.cc(233)] ReadMemory at 0x7ffc217b0000 of 64 bytes failed: 仅完成部分的 ReadProcessMemory 或 WriteProcessMemory 请求。 (0x12B)
[1124/205608:WARNING:pe_image_reader.cc(281)] could not read dos header from C:\WINDOWS\SYSTEM32\WINMMBASE.dll
[1124/205608:ERROR:process_reader_win.cc(233)] ReadMemory at 0x7ffc21810000 of 64 bytes failed: 仅完成部分的 ReadProcessMemory 或 WriteProcessMemory 请求。 (0x12B)
[1124/205608:WARNING:pe_image_reader.cc(281)] could not read dos header from C:\WINDOWS\SYSTEM32\WINMM.dll
[1124/205608:ERROR:process_reader_win.cc(233)] ReadMemory at 0x7ffc213d0000 of 64 bytes failed: 仅完成部分的 ReadProcessMemory 或 WriteProcessMemory 请求。 (0x12B)
[1124/205608:WARNING:pe_image_reader.cc(281)] could not read dos header from C:\WINDOWS\SYSTEM32\WTSAPI32.dll
[1124/205608:ERROR:process_reader_win.cc(233)] ReadMemory at 0x7ffc21c30000 of 64 bytes failed: 仅完成部分的 ReadProcessMemory 或 WriteProcessMemory 请求。 (0x12B)
[1124/205608:WARNING:pe_image_reader.cc(281)] could not read dos header from C:\WINDOWS\SYSTEM32\WINHTTP.dll
[1124/205608:ERROR:process_reader_win.cc(233)] ReadMemory at 0x7ffc245f0000 of 64 bytes failed: 仅完成部分的 ReadProcessMemory 或 WriteProcessMemory 请求。 (0x12B)
[1124/205608:WARNING:pe_image_reader.cc(281)] could not read dos header from C:\WINDOWS\System32\msvcp_win.dll
[1124/205608:ERROR:process_reader_win.cc(233)] ReadMemory at 0x7ffc270d0000 of 64 bytes failed: 仅完成部分的 ReadProcessMemory 或 WriteProcessMemory 请求。 (0x12B)
[1124/205608:WARNING:pe_image_reader.cc(281)] could not read dos header from C:\WINDOWS\System32\OLEAUT32.dll
[1124/205608:ERROR:process_reader_win.cc(233)] ReadMemory at 0x7ffc16310000 of 64 bytes failed: 仅完成部分的 ReadProcessMemory 或 WriteProcessMemory 请求。 (0x12B)
[1124/205608:WARNING:pe_image_reader.cc(281)] could not read dos header from C:\WINDOWS\SYSTEM32\ninput.dll
[1124/205608:ERROR:process_reader_win.cc(233)] ReadMemory at 0x56270000 of 64 bytes failed: 仅完成部分的 ReadProcessMemory 或 WriteProcessMemory 请求。 (0x12B)
[1124/205608:WARNING:pe_image_reader.cc(281)] could not read dos header from E:\Program Files\360\360safe\safemon\SafeWrapper.dll
[1124/205608:ERROR:process_reader_win.cc(233)] ReadMemory at 0x7ffc26d30000 of 64 bytes failed: 仅完成部分的 ReadProcessMemory 或 WriteProcessMemory 请求。 (0x12B)
[1124/205608:WARNING:pe_image_reader.cc(281)] could not read dos header from C:\WINDOWS\System32\WS2_32.dll
[1124/205608:ERROR:process_reader_win.cc(233)] ReadMemory at 0x7ffc27f90000 of 64 bytes failed: 仅完成部分的 ReadProcessMemory 或 WriteProcessMemory 请求。 (0x12B)
[1124/205608:WARNING:pe_image_reader.cc(281)] could not read dos header from C:\WINDOWS\System32\imagehlp.dll
[1124/205608:ERROR:process_reader_win.cc(233)] ReadMemory at 0x7ffc27770000 of 64 bytes failed: 仅完成部分的 ReadProcessMemory 或 WriteProcessMemory 请求。 (0x12B)
[1124/205608:WARNING:pe_image_reader.cc(281)] could not read dos header from C:\WINDOWS\System32\PSAPI.DLL
[1124/205608:ERROR:process_reader_win.cc(233)] ReadMemory at 0x7ffc166c0000 of 64 bytes failed: 仅完成部分的 ReadProcessMemory 或 WriteProcessMemory 请求。 (0x12B)
[1124/205608:WARNING:pe_image_reader.cc(281)] could not read dos header from C:\WINDOWS\SYSTEM32\NETAPI32.dll
[1124/205608:ERROR:process_reader_win.cc(233)] ReadMemory at 0x7ffc23bb0000 of 64 bytes failed: 仅完成部分的 ReadProcessMemory 或 WriteProcessMemory 请求。 (0x12B)
[1124/205608:WARNING:pe_image_reader.cc(281)] could not read dos header from C:\WINDOWS\SYSTEM32\NETUTILS.DLL
[1124/205608:ERROR:process_reader_win.cc(233)] ReadMemory at 0x7ffc24480000 of 64 bytes failed: 仅完成部分的 ReadProcessMemory 或 WriteProcessMemory 请求。 (0x12B)
[1124/205608:WARNING:pe_image_reader.cc(281)] could not read dos header from C:\WINDOWS\SYSTEM32\bcrypt.dll
[1124/205608:ERROR:process_reader_win.cc(233)] ReadMemory at 0x7ffc1f6f0000 of 64 bytes failed: 仅完成部分的 ReadProcessMemory 或 WriteProcessMemory 请求。 (0x12B)
[1124/205608:WARNING:pe_image_reader.cc(281)] could not read dos header from C:\WINDOWS\SYSTEM32\WKSCLI.DLL
[1124/205608:ERROR:process_reader_win.cc(233)] ReadMemory at 0x560d0000 of 64 bytes failed: 仅完成部分的 ReadProcessMemory 或 WriteProcessMemory 请求。 (0x12B)
[1124/205608:WARNING:pe_image_reader.cc(281)] could not read dos header from E:\Program Files\360\360safe\safemon\safemon64.dll
[1124/205608:ERROR:process_reader_win.cc(233)] ReadMemory at 0x7ffc24540000 of 64 bytes failed: 仅完成部分的 ReadProcessMemory 或 WriteProcessMemory 请求。 (0x12B)
[1124/205608:WARNING:pe_image_reader.cc(281)] could not read dos header from C:\WINDOWS\System32\MSASN1.dll
[1124/205608:ERROR:process_reader_win.cc(233)] ReadMemory at 0x7ffc24700000 of 64 bytes failed: 仅完成部分的 ReadProcessMemory 或 WriteProcessMemory 请求。 (0x12B)
[1124/205608:WARNING:pe_image_reader.cc(281)] could not read dos header from C:\WINDOWS\System32\CRYPT32.dll
[1124/205608:ERROR:process_reader_win.cc(233)] ReadMemory at 0x7ffc25610000 of 64 bytes failed: 仅完成部分的 ReadProcessMemory 或 WriteProcessMemory 请求。 (0x12B)
[1124/205608:WARNING:pe_image_reader.cc(281)] could not read dos header from C:\WINDOWS\System32\WINTRUST.DLL
[1124/205608:ERROR:process_reader_win.cc(233)] ReadMemory at 0x7ffc23fc0000 of 64 bytes failed: 仅完成部分的 ReadProcessMemory 或 WriteProcessMemory 请求。 (0x12B)
[1124/205608:WARNING:pe_image_reader.cc(281)] could not read dos header from C:\WINDOWS\SYSTEM32\CRYPTSP.dll
[1124/205608:ERROR:process_reader_win.cc(233)] ReadMemory at 0x7ffc23ec0000 of 64 bytes failed: 仅完成部分的 ReadProcessMemory 或 WriteProcessMemory 请求。 (0x12B)
[1124/205608:WARNING:pe_image_reader.cc(281)] could not read dos header from C:\WINDOWS\system32\rsaenh.dll
[1124/205608:ERROR:process_reader_win.cc(233)] ReadMemory at 0x7ffc21190000 of 64 bytes failed: 仅完成部分的 ReadProcessMemory 或 WriteProcessMemory 请求。 (0x12B)
[1124/205608:WARNING:pe_image_reader.cc(281)] could not read dos header from C:\WINDOWS\SYSTEM32\WINSPOOL.DRV
[1124/205608:ERROR:process_reader_win.cc(233)] ReadMemory at 0x7ffc1bc20000 of 64 bytes failed: 仅完成部分的 ReadProcessMemory 或 WriteProcessMemory 请求。 (0x12B)
[1124/205608:WARNING:pe_image_reader.cc(281)] could not read dos header from C:\WINDOWS\WinSxS\amd64_microsoft.windows.common-controls_6595b64144ccf1df_6.0.14393.447_none_42191651c6827bb3\COMCTL32.dll
[1124/205608:ERROR:process_reader_win.cc(233)] ReadMemory at 0x7ffc26fd0000 of 64 bytes failed: 仅完成部分的 ReadProcessMemory 或 WriteProcessMemory 请求。 (0x12B)
[1124/205608:WARNING:pe_image_reader.cc(281)] could not read dos header from C:\WINDOWS\System32\COMDLG32.dll
[1124/205608:ERROR:process_reader_win.cc(233)] ReadMemory at 0x7ffc23ad0000 of 64 bytes failed: 仅完成部分的 ReadProcessMemory 或 WriteProcessMemory 请求。 (0x12B)
[1124/205608:WARNING:pe_image_reader.cc(281)] could not read dos header from C:\WINDOWS\SYSTEM32\IPHLPAPI.DLL
[1124/205608:ERROR:process_reader_win.cc(233)] ReadMemory at 0x7ffc1e590000 of 64 bytes failed: 仅完成部分的 ReadProcessMemory 或 WriteProcessMemory 请求。 (0x12B)
[1124/205608:WARNING:pe_image_reader.cc(281)] could not read dos header from C:\WINDOWS\SYSTEM32\USP10.dll
[1124/205608:ERROR:process_reader_win.cc(233)] ReadMemory at 0x7ffc21d00000 of 64 bytes failed: 仅完成部分的 ReadProcessMemory 或 WriteProcessMemory 请求。 (0x12B)
[1124/205608:WARNING:pe_image_reader.cc(281)] could not read dos header from C:\WINDOWS\SYSTEM32\Secur32.dll
[1124/205608:ERROR:process_reader_win.cc(233)] ReadMemory at 0x7ffbf8d30000 of 64 bytes failed: 仅完成部分的 ReadProcessMemory 或 WriteProcessMemory 请求。 (0x12B)
[1124/205608:WARNING:pe_image_reader.cc(281)] could not read dos header from C:\Program Files (x86)\Google\Chrome\Application\53.0.2785.116\chrome_child.dll
[1124/205608:ERROR:process_reader_win.cc(233)] ReadMemory at 0x7ffc1ccb0000 of 64 bytes failed: 仅完成部分的 ReadProcessMemory 或 WriteProcessMemory 请求。 (0x12B)
[1124/205608:WARNING:pe_image_reader.cc(281)] could not read dos header from C:\WINDOWS\SYSTEM32\dwrite.dll
[1124/205608:ERROR:process_reader_win.cc(233)] ReadMemory at 0x7ff78df70000 of 64 bytes failed: 仅完成部分的 ReadProcessMemory 或 WriteProcessMemory 请求。 (0x12B)
[1124/205608:WARNING:pe_image_reader.cc(281)] could not read dos header from C:\Program Files (x86)\Google\Chrome\Application\chrome.exe
[1124/205608:ERROR:process_reader_win.cc(233)] ReadMemory at 0x7ffc280e0000 of 64 bytes failed: 仅完成部分的 ReadProcessMemory 或 WriteProcessMemory 请求。 (0x12B)
[1124/205608:WARNING:pe_image_reader.cc(281)] could not read dos header from C:\WINDOWS\SYSTEM32\ntdll.dll
[1124/205608:ERROR:process_reader_win.cc(233)] ReadMemory at 0x7ffc25240000 of 64 bytes failed: 仅完成部分的 ReadProcessMemory 或 WriteProcessMemory 请求。 (0x12B)
[1124/205608:WARNING:pe_image_reader.cc(281)] could not read dos header from C:\WINDOWS\System32\KERNELBASE.dll
[1124/205608:ERROR:process_reader_win.cc(233)] ReadMemory at 0x7ffc27780000 of 64 bytes failed: 仅完成部分的 ReadProcessMemory 或 WriteProcessMemory 请求。 (0x12B)
[1124/205608:WARNING:pe_image_reader.cc(281)] could not read dos header from C:\WINDOWS\System32\KERNEL32.DLL
[1124/205608:ERROR:process_reader_win.cc(233)] ReadMemory at 0x7ffc22af0000 of 64 bytes failed: 仅完成部分的 ReadProcessMemory 或 WriteProcessMemory 请求。 (0x12B)
[1124/205608:WARNING:pe_image_reader.cc(281)] could not read dos header from C:\WINDOWS\system32\apphelp.dll
[1124/205608:ERROR:process_reader_win.cc(233)] ReadMemory at 0x7ffc1e660000 of 64 bytes failed: 仅完成部分的 ReadProcessMemory 或 WriteProcessMemory 请求。 (0x12B)
[1124/205608:WARNING:pe_image_reader.cc(281)] could not read dos header from C:\WINDOWS\AppPatch\AppPatch64\AcGenral.dll
[1124/205608:ERROR:process_reader_win.cc(233)] ReadMemory at 0x7ffc27190000 of 64 bytes failed: 仅完成部分的 ReadProcessMemory 或 WriteProcessMemory 请求。 (0x12B)
[1124/205608:WARNING:pe_image_reader.cc(281)] could not read dos header from C:\WINDOWS\System32\msvcrt.dll
[1124/205608:ERROR:process_reader_win.cc(233)] ReadMemory at 0x7ffc27fb0000 of 64 bytes failed: 仅完成部分的 ReadProcessMemory 或 WriteProcessMemory 请求。 (0x12B)
[1124/205608:WARNING:pe_image_reader.cc(281)] could not read dos header from C:\WINDOWS\System32\RPCRT4.dll
[1124/205608:ERROR:process_reader_win.cc(233)] ReadMemory at 0x7ffc27610000 of 64 bytes failed: 仅完成部分的 ReadProcessMemory 或 WriteProcessMemory 请求。 (0x12B)
[1124/205608:WARNING:pe_image_reader.cc(281)] could not read dos header from C:\WINDOWS\System32\sechost.dll
[1124/205608:ERROR:process_reader_win.cc(233)] ReadMemory at 0x7ffc24210000 of 64 bytes failed: 仅完成部分的 ReadProcessMemory 或 WriteProcessMemory 请求。 (0x12B)
[1124/205608:WARNING:pe_image_reader.cc(281)] could not read dos header from C:\WINDOWS\SYSTEM32\SspiCli.dll
[1124/205608:ERROR:process_reader_win.cc(233)] ReadMemory at 0x7ffc25510000 of 64 bytes failed: 仅完成部分的 ReadProcessMemory 或 WriteProcessMemory 请求。 (0x12B)
[1124/205608:WARNING:pe_image_reader.cc(281)] could not read dos header from C:\WINDOWS\System32\ucrtbase.dll
[1124/205608:ERROR:process_reader_win.cc(233)] ReadMemory at 0x7ffc24690000 of 64 bytes failed: 仅完成部分的 ReadProcessMemory 或 WriteProcessMemory 请求。 (0x12B)
[1124/205608:WARNING:pe_image_reader.cc(281)] could not read dos header from C:\WINDOWS\System32\bcryptPrimitives.dll
[1124/205608:ERROR:process_reader_win.cc(233)] ReadMemory at 0x7ffc27890000 of 64 bytes failed: 仅完成部分的 ReadProcessMemory 或 WriteProcessMemory 请求。 (0x12B)
[1124/205608:WARNING:pe_image_reader.cc(281)] could not read dos header from C:\WINDOWS\System32\combase.dll
[1124/205608:ERROR:process_reader_win.cc(233)] ReadMemory at 0x7ffc245d0000 of 64 bytes failed: 仅完成部分的 ReadProcessMemory 或 WriteProcessMemory 请求。 (0x12B)
[1124/205608:WARNING:pe_image_reader.cc(281)] could not read dos header from C:\WINDOWS\System32\win32u.dll
[1124/205608:ERROR:process_reader_win.cc(233)] ReadMemory at 0x7ffc25670000 of 64 bytes failed: 仅完成部分的 ReadProcessMemory 或 WriteProcessMemory 请求。 (0x12B)
[1124/205608:WARNING:pe_image_reader.cc(281)] could not read dos header from C:\WINDOWS\System32\USER32.dll
[1124/205608:ERROR:process_reader_win.cc(233)] ReadMemory at 0x7ffc249d0000 of 64 bytes failed: 仅完成部分的 ReadProcessMemory 或 WriteProcessMemory 请求。 (0x12B)
[1124/205608:WARNING:pe_image_reader.cc(281)] could not read dos header from C:\WINDOWS\System32\gdi32full.dll
[1124/205608:ERROR:process_reader_win.cc(233)] ReadMemory at 0x7ffc26cf0000 of 64 bytes failed: 仅完成部分的 ReadProcessMemory 或 WriteProcessMemory 请求。 (0x12B)
[1124/205608:WARNING:pe_image_reader.cc(281)] could not read dos header from C:\WINDOWS\System32\GDI32.dll
[1124/205608:ERROR:process_reader_win.cc(233)] ReadMemory at 0x7ffc26da0000 of 64 bytes failed: 仅完成部分的 ReadProcessMemory 或 WriteProcessMemory 请求。 (0x12B)
[1124/205608:WARNING:pe_image_reader.cc(281)] could not read dos header from C:\WINDOWS\System32\IMM32.DLL
[1124/205608:ERROR:process_reader_win.cc(233)] ReadMemory at 0x7ffc26f70000 of 64 bytes failed: 仅完成部分的 ReadProcessMemory 或 WriteProcessMemory 请求。 (0x12B)
[1124/205608:WARNING:pe_image_reader.cc(281)] could not read dos header from C:\WINDOWS\System32\SHLWAPI.dll
[1124/205608:ERROR:process_reader_win.cc(233)] ReadMemory at 0x7ffc27450000 of 64 bytes failed: 仅完成部分的 ReadProcessMemory 或 WriteProcessMemory 请求。 (0x12B)
[1124/205608:WARNING:pe_image_reader.cc(281)] could not read dos header from C:\WINDOWS\System32\ole32.dll
[1124/205608:ERROR:process_reader_win.cc(233)] ReadMemory at 0x7ffc248d0000 of 64 bytes failed: 仅完成部分的 ReadProcessMemory 或 WriteProcessMemory 请求。 (0x12B)
[1124/205608:WARNING:pe_image_reader.cc(281)] could not read dos header from C:\WINDOWS\System32\cfgmgr32.dll
[1124/205608:ERROR:process_reader_win.cc(233)] ReadMemory at 0x7ffc24550000 of 64 bytes failed: 仅完成部分的 ReadProcessMemory 或 WriteProcessMemory 请求。 (0x12B)
[1124/205608:WARNING:pe_image_reader.cc(281)] could not read dos header from C:\WINDOWS\System32\powrprof.dll
[1124/205608:ERROR:process_reader_win.cc(233)] ReadMemory at 0x7ffc273a0000 of 64 bytes failed: 仅完成部分的 ReadProcessMemory 或 WriteProcessMemory 请求。 (0x12B)
[1124/205608:WARNING:pe_image_reader.cc(281)] could not read dos header from C:\WINDOWS\System32\advapi32.dll
[1124/205608:ERROR:process_reader_win.cc(233)] ReadMemory at 0x7ffc245a0000 of 64 bytes failed: 仅完成部分的 ReadProcessMemory 或 WriteProcessMemory 请求。 (0x12B)
[1124/205608:WARNING:pe_image_reader.cc(281)] could not read dos header from C:\WINDOWS\System32\kernel.appcore.dll
[1124/205608:ERROR:process_reader_win.cc(233)] ReadMemory at 0x7ffc25460000 of 64 bytes failed: 仅完成部分的 ReadProcessMemory 或 WriteProcessMemory 请求。 (0x12B)
[1124/205608:WARNING:pe_image_reader.cc(281)] could not read dos header from C:\WINDOWS\System32\shcore.dll
[1124/205608:ERROR:process_reader_win.cc(233)] ReadMemory at 0x7ffc245b0000 of 64 bytes failed: 仅完成部分的 ReadProcessMemory 或 WriteProcessMemory 请求。 (0x12B)
[1124/205608:WARNING:pe_image_reader.cc(281)] could not read dos header from C:\WINDOWS\System32\profapi.dll
[1124/205608:ERROR:process_reader_win.cc(233)] ReadMemory at 0x7ffc24b60000 of 64 bytes failed: 仅完成部分的 ReadProcessMemory 或 WriteProcessMemory 请求。 (0x12B)
[1124/205608:WARNING:pe_image_reader.cc(281)] could not read dos header from C:\WINDOWS\System32\windows.storage.dll
[1124/205608:ERROR:process_reader_win.cc(233)] ReadMemory at 0x7ffc257e0000 of 64 bytes failed: 仅完成部分的 ReadProcessMemory 或 WriteProcessMemory 请求。 (0x12B)
[1124/205608:WARNING:pe_image_reader.cc(281)] could not read dos header from C:\WINDOWS\System32\SHELL32.dll
[1124/205608:ERROR:process_reader_win.cc(233)] ReadMemory at 0x7ffc23bc0000 of 64 bytes failed: 仅完成部分的 ReadProcessMemory 或 WriteProcessMemory 请求。 (0x12B)
[1124/205608:WARNING:pe_image_reader.cc(281)] could not read dos header from C:\WINDOWS\SYSTEM32\USERENV.dll
[1124/205608:ERROR:process_reader_win.cc(233)] ReadMemory at 0x7ffc15aa0000 of 64 bytes failed: 仅完成部分的 ReadProcessMemory 或 WriteProcessMemory 请求。 (0x12B)
[1124/205608:WARNING:pe_image_reader.cc(281)] could not read dos header from C:\WINDOWS\SYSTEM32\MPR.dll
[1124/205608:ERROR:process_reader_win.cc(233)] ReadMemory at 0x7ffc23fb0000 of 64 bytes failed: 仅完成部分的 ReadProcessMemory 或 WriteProcessMemory 请求。 (0x12B)
[1124/205608:WARNING:pe_image_reader.cc(281)] could not read dos header from C:\WINDOWS\SYSTEM32\CRYPTBASE.DLL
[1124/205608:ERROR:process_reader_win.cc(233)] ReadMemory at 0x7ffc1e600000 of 64 bytes failed: 仅完成部分的 ReadProcessMemory 或 WriteProcessMemory 请求。 (0x12B)
[1124/205608:WARNING:pe_image_reader.cc(281)] could not read dos header from C:\Program Files (x86)\Google\Chrome\Application\53.0.2785.116\chrome_elf.dll
[1124/205608:ERROR:process_reader_win.cc(233)] ReadMemory at 0x7ffc202a0000 of 64 bytes failed: 仅完成部分的 ReadProcessMemory 或 WriteProcessMemory 请求。 (0x12B)
[1124/205608:WARNING:pe_image_reader.cc(281)] could not read dos header from C:\WINDOWS\SYSTEM32\VERSION.dll
[1124/205608:ERROR:process_reader_win.cc(233)] ReadMemory at 0x7ffc217b0000 of 64 bytes failed: 仅完成部分的 ReadProcessMemory 或 WriteProcessMemory 请求。 (0x12B)
[1124/205608:WARNING:pe_image_reader.cc(281)] could not read dos header from C:\WINDOWS\SYSTEM32\WINMMBASE.dll
[1124/205608:ERROR:process_reader_win.cc(233)] ReadMemory at 0x7ffc21810000 of 64 bytes failed: 仅完成部分的 ReadProcessMemory 或 WriteProcessMemory 请求。 (0x12B)
[1124/205608:WARNING:pe_image_reader.cc(281)] could not read dos header from C:\WINDOWS\SYSTEM32\WINMM.dll
[1124/205608:ERROR:process_reader_win.cc(233)] ReadMemory at 0x7ffc213d0000 of 64 bytes failed: 仅完成部分的 ReadProcessMemory 或 WriteProcessMemory 请求。 (0x12B)
[1124/205608:WARNING:pe_image_reader.cc(281)] could not read dos header from C:\WINDOWS\SYSTEM32\WTSAPI32.dll
[1124/205608:ERROR:process_reader_win.cc(233)] ReadMemory at 0x7ffc21c30000 of 64 bytes failed: 仅完成部分的 ReadProcessMemory 或 WriteProcessMemory 请求。 (0x12B)
[1124/205608:WARNING:pe_image_reader.cc(281)] could not read dos header from C:\WINDOWS\SYSTEM32\WINHTTP.dll
[1124/205608:ERROR:process_reader_win.cc(233)] ReadMemory at 0x7ffc245f0000 of 64 bytes failed: 仅完成部分的 ReadProcessMemory 或 WriteProcessMemory 请求。 (0x12B)
[1124/205608:WARNING:pe_image_reader.cc(281)] could not read dos header from C:\WINDOWS\System32\msvcp_win.dll
[1124/205608:ERROR:process_reader_win.cc(233)] ReadMemory at 0x7ffc270d0000 of 64 bytes failed: 仅完成部分的 ReadProcessMemory 或 WriteProcessMemory 请求。 (0x12B)
[1124/205608:WARNING:pe_image_reader.cc(281)] could not read dos header from C:\WINDOWS\System32\OLEAUT32.dll
[1124/205608:ERROR:process_reader_win.cc(233)] ReadMemory at 0x7ffc16310000 of 64 bytes failed: 仅完成部分的 ReadProcessMemory 或 WriteProcessMemory 请求。 (0x12B)
[1124/205608:WARNING:pe_image_reader.cc(281)] could not read dos header from C:\WINDOWS\SYSTEM32\ninput.dll
[1124/205608:ERROR:process_reader_win.cc(233)] ReadMemory at 0x56270000 of 64 bytes failed: 仅完成部分的 ReadProcessMemory 或 WriteProcessMemory 请求。 (0x12B)
[1124/205608:WARNING:pe_image_reader.cc(281)] could not read dos header from E:\Program Files\360\360safe\safemon\SafeWrapper.dll
[1124/205608:ERROR:process_reader_win.cc(233)] ReadMemory at 0x7ffc26d30000 of 64 bytes failed: 仅完成部分的 ReadProcessMemory 或 WriteProcessMemory 请求。 (0x12B)
[1124/205608:WARNING:pe_image_reader.cc(281)] could not read dos header from C:\WINDOWS\System32\WS2_32.dll
[1124/205608:ERROR:process_reader_win.cc(233)] ReadMemory at 0x7ffc27f90000 of 64 bytes failed: 仅完成部分的 ReadProcessMemory 或 WriteProcessMemory 请求。 (0x12B)
[1124/205608:WARNING:pe_image_reader.cc(281)] could not read dos header from C:\WINDOWS\System32\imagehlp.dll
[1124/205608:ERROR:process_reader_win.cc(233)] ReadMemory at 0x7ffc27770000 of 64 bytes failed: 仅完成部分的 ReadProcessMemory 或 WriteProcessMemory 请求。 (0x12B)
[1124/205608:WARNING:pe_image_reader.cc(281)] could not read dos header from C:\WINDOWS\System32\PSAPI.DLL
[1124/205608:ERROR:process_reader_win.cc(233)] ReadMemory at 0x7ffc166c0000 of 64 bytes failed: 仅完成部分的 ReadProcessMemory 或 WriteProcessMemory 请求。 (0x12B)
[1124/205608:WARNING:pe_image_reader.cc(281)] could not read dos header from C:\WINDOWS\SYSTEM32\NETAPI32.dll
[1124/205608:ERROR:process_reader_win.cc(233)] ReadMemory at 0x7ffc23bb0000 of 64 bytes failed: 仅完成部分的 ReadProcessMemory 或 WriteProcessMemory 请求。 (0x12B)
[1124/205608:WARNING:pe_image_reader.cc(281)] could not read dos header from C:\WINDOWS\SYSTEM32\NETUTILS.DLL
[1124/205608:ERROR:process_reader_win.cc(233)] ReadMemory at 0x7ffc24480000 of 64 bytes failed: 仅完成部分的 ReadProcessMemory 或 WriteProcessMemory 请求。 (0x12B)
[1124/205608:WARNING:pe_image_reader.cc(281)] could not read dos header from C:\WINDOWS\SYSTEM32\bcrypt.dll
[1124/205608:ERROR:process_reader_win.cc(233)] ReadMemory at 0x7ffc1f6f0000 of 64 bytes failed: 仅完成部分的 ReadProcessMemory 或 WriteProcessMemory 请求。 (0x12B)
[1124/205608:WARNING:pe_image_reader.cc(281)] could not read dos header from C:\WINDOWS\SYSTEM32\WKSCLI.DLL
[1124/205608:ERROR:process_reader_win.cc(233)] ReadMemory at 0x560d0000 of 64 bytes failed: 仅完成部分的 ReadProcessMemory 或 WriteProcessMemory 请求。 (0x12B)
[1124/205608:WARNING:pe_image_reader.cc(281)] could not read dos header from E:\Program Files\360\360safe\safemon\safemon64.dll
[1124/205608:ERROR:process_reader_win.cc(233)] ReadMemory at 0x7ffc24540000 of 64 bytes failed: 仅完成部分的 ReadProcessMemory 或 WriteProcessMemory 请求。 (0x12B)
[1124/205608:WARNING:pe_image_reader.cc(281)] could not read dos header from C:\WINDOWS\System32\MSASN1.dll
[1124/205608:ERROR:process_reader_win.cc(233)] ReadMemory at 0x7ffc24700000 of 64 bytes failed: 仅完成部分的 ReadProcessMemory 或 WriteProcessMemory 请求。 (0x12B)
[1124/205608:WARNING:pe_image_reader.cc(281)] could not read dos header from C:\WINDOWS\System32\CRYPT32.dll
[1124/205608:ERROR:process_reader_win.cc(233)] ReadMemory at 0x7ffc25610000 of 64 bytes failed: 仅完成部分的 ReadProcessMemory 或 WriteProcessMemory 请求。 (0x12B)
[1124/205608:WARNING:pe_image_reader.cc(281)] could not read dos header from C:\WINDOWS\System32\WINTRUST.DLL
[1124/205608:ERROR:process_reader_win.cc(233)] ReadMemory at 0x7ffc23fc0000 of 64 bytes failed: 仅完成部分的 ReadProcessMemory 或 WriteProcessMemory 请求。 (0x12B)
[1124/205608:WARNING:pe_image_reader.cc(281)] could not read dos header from C:\WINDOWS\SYSTEM32\CRYPTSP.dll
[1124/205608:ERROR:process_reader_win.cc(233)] ReadMemory at 0x7ffc23ec0000 of 64 bytes failed: 仅完成部分的 ReadProcessMemory 或 WriteProcessMemory 请求。 (0x12B)
[1124/205608:WARNING:pe_image_reader.cc(281)] could not read dos header from C:\WINDOWS\system32\rsaenh.dll
[1124/205608:ERROR:process_reader_win.cc(233)] ReadMemory at 0x7ffc21190000 of 64 bytes failed: 仅完成部分的 ReadProcessMemory 或 WriteProcessMemory 请求。 (0x12B)
[1124/205608:WARNING:pe_image_reader.cc(281)] could not read dos header from C:\WINDOWS\SYSTEM32\WINSPOOL.DRV
[1124/205608:ERROR:process_reader_win.cc(233)] ReadMemory at 0x7ffc1bc20000 of 64 bytes failed: 仅完成部分的 ReadProcessMemory 或 WriteProcessMemory 请求。 (0x12B)
[1124/205608:WARNING:pe_image_reader.cc(281)] could not read dos header from C:\WINDOWS\WinSxS\amd64_microsoft.windows.common-controls_6595b64144ccf1df_6.0.14393.447_none_42191651c6827bb3\COMCTL32.dll
[1124/205608:ERROR:process_reader_win.cc(233)] ReadMemory at 0x7ffc26fd0000 of 64 bytes failed: 仅完成部分的 ReadProcessMemory 或 WriteProcessMemory 请求。 (0x12B)
[1124/205608:WARNING:pe_image_reader.cc(281)] could not read dos header from C:\WINDOWS\System32\COMDLG32.dll
[1124/205608:ERROR:process_reader_win.cc(233)] ReadMemory at 0x7ffc23ad0000 of 64 bytes failed: 仅完成部分的 ReadProcessMemory 或 WriteProcessMemory 请求。 (0x12B)
[1124/205608:WARNING:pe_image_reader.cc(281)] could not read dos header from C:\WINDOWS\SYSTEM32\IPHLPAPI.DLL
[1124/205608:ERROR:process_reader_win.cc(233)] ReadMemory at 0x7ffc1e590000 of 64 bytes failed: 仅完成部分的 ReadProcessMemory 或 WriteProcessMemory 请求。 (0x12B)
[1124/205608:WARNING:pe_image_reader.cc(281)] could not read dos header from C:\WINDOWS\SYSTEM32\USP10.dll
[1124/205608:ERROR:process_reader_win.cc(233)] ReadMemory at 0x7ffc21d00000 of 64 bytes failed: 仅完成部分的 ReadProcessMemory 或 WriteProcessMemory 请求。 (0x12B)
[1124/205608:WARNING:pe_image_reader.cc(281)] could not read dos header from C:\WINDOWS\SYSTEM32\Secur32.dll
[1124/205608:ERROR:process_reader_win.cc(233)] ReadMemory at 0x7ffbf8d30000 of 64 bytes failed: 仅完成部分的 ReadProcessMemory 或 WriteProcessMemory 请求。 (0x12B)
[1124/205608:WARNING:pe_image_reader.cc(281)] could not read dos header from C:\Program Files (x86)\Google\Chrome\Application\53.0.2785.116\chrome_child.dll
[1124/205608:ERROR:process_reader_win.cc(233)] ReadMemory at 0x7ffc1ccb0000 of 64 bytes failed: 仅完成部分的 ReadProcessMemory 或 WriteProcessMemory 请求。 (0x12B)
[1124/205608:WARNING:pe_image_reader.cc(281)] could not read dos header from C:\WINDOWS\SYSTEM32\dwrite.dll
[1124/205608:ERROR:process_reader_win.cc(233)] ReadMemory at 0x7ff78df70000 of 64 bytes failed: 仅完成部分的 ReadProcessMemory 或 WriteProcessMemory 请求。 (0x12B)
[1124/205608:WARNING:pe_image_reader.cc(281)] could not read dos header from C:\Program Files (x86)\Google\Chrome\Application\chrome.exe
[1124/205608:ERROR:process_reader_win.cc(233)] ReadMemory at 0x7ffc280e0000 of 64 bytes failed: 仅完成部分的 ReadProcessMemory 或 WriteProcessMemory 请求。 (0x12B)
[1124/205608:WARNING:pe_image_reader.cc(281)] could not read dos header from C:\WINDOWS\SYSTEM32\ntdll.dll
[1124/205608:ERROR:process_reader_win.cc(233)] ReadMemory at 0x7ffc25240000 of 64 bytes failed: 仅完成部分的 ReadProcessMemory 或 WriteProcessMemory 请求。 (0x12B)
[1124/205608:WARNING:pe_image_reader.cc(281)] could not read dos header from C:\WINDOWS\System32\KERNELBASE.dll
[1124/205608:ERROR:process_reader_win.cc(233)] ReadMemory at 0x7ffc27780000 of 64 bytes failed: 仅完成部分的 ReadProcessMemory 或 WriteProcessMemory 请求。 (0x12B)
[1124/205608:WARNING:pe_image_reader.cc(281)] could not read dos header from C:\WINDOWS\System32\KERNEL32.DLL
[1124/205608:ERROR:process_reader_win.cc(233)] ReadMemory at 0x7ffc22af0000 of 64 bytes failed: 仅完成部分的 ReadProcessMemory 或 WriteProcessMemory 请求。 (0x12B)
[1124/205608:WARNING:pe_image_reader.cc(281)] could not read dos header from C:\WINDOWS\system32\apphelp.dll
[1124/205608:ERROR:process_reader_win.cc(233)] ReadMemory at 0x7ffc1e660000 of 64 bytes failed: 仅完成部分的 ReadProcessMemory 或 WriteProcessMemory 请求。 (0x12B)
[1124/205608:WARNING:pe_image_reader.cc(281)] could not read dos header from C:\WINDOWS\AppPatch\AppPatch64\AcGenral.dll
[1124/205608:ERROR:process_reader_win.cc(233)] ReadMemory at 0x7ffc27190000 of 64 bytes failed: 仅完成部分的 ReadProcessMemory 或 WriteProcessMemory 请求。 (0x12B)
[1124/205608:WARNING:pe_image_reader.cc(281)] could not read dos header from C:\WINDOWS\System32\msvcrt.dll
[1124/205608:ERROR:process_reader_win.cc(233)] ReadMemory at 0x7ffc27fb0000 of 64 bytes failed: 仅完成部分的 ReadProcessMemory 或 WriteProcessMemory 请求。 (0x12B)
[1124/205608:WARNING:pe_image_reader.cc(281)] could not read dos header from C:\WINDOWS\System32\RPCRT4.dll
[1124/205608:ERROR:process_reader_win.cc(233)] ReadMemory at 0x7ffc27610000 of 64 bytes failed: 仅完成部分的 ReadProcessMemory 或 WriteProcessMemory 请求。 (0x12B)
[1124/205608:WARNING:pe_image_reader.cc(281)] could not read dos header from C:\WINDOWS\System32\sechost.dll
[1124/205608:ERROR:process_reader_win.cc(233)] ReadMemory at 0x7ffc24210000 of 64 bytes failed: 仅完成部分的 ReadProcessMemory 或 WriteProcessMemory 请求。 (0x12B)
[1124/205608:WARNING:pe_image_reader.cc(281)] could not read dos header from C:\WINDOWS\SYSTEM32\SspiCli.dll
[1124/205608:ERROR:process_reader_win.cc(233)] ReadMemory at 0x7ffc25510000 of 64 bytes failed: 仅完成部分的 ReadProcessMemory 或 WriteProcessMemory 请求。 (0x12B)
[1124/205608:WARNING:pe_image_reader.cc(281)] could not read dos header from C:\WINDOWS\System32\ucrtbase.dll
[1124/205608:ERROR:process_reader_win.cc(233)] ReadMemory at 0x7ffc24690000 of 64 bytes failed: 仅完成部分的 ReadProcessMemory 或 WriteProcessMemory 请求。 (0x12B)
[1124/205608:WARNING:pe_image_reader.cc(281)] could not read dos header from C:\WINDOWS\System32\bcryptPrimitives.dll
[1124/205608:ERROR:process_reader_win.cc(233)] ReadMemory at 0x7ffc27890000 of 64 bytes failed: 仅完成部分的 ReadProcessMemory 或 WriteProcessMemory 请求。 (0x12B)
[1124/205608:WARNING:pe_image_reader.cc(281)] could not read dos header from C:\WINDOWS\System32\combase.dll
[1124/205608:ERROR:process_reader_win.cc(233)] ReadMemory at 0x7ffc245d0000 of 64 bytes failed: 仅完成部分的 ReadProcessMemory 或 WriteProcessMemory 请求。 (0x12B)
[1124/205608:WARNING:pe_image_reader.cc(281)] could not read dos header from C:\WINDOWS\System32\win32u.dll
[1124/205608:ERROR:process_reader_win.cc(233)] ReadMemory at 0x7ffc25670000 of 64 bytes failed: 仅完成部分的 ReadProcessMemory 或 WriteProcessMemory 请求。 (0x12B)
[1124/205608:WARNING:pe_image_reader.cc(281)] could not read dos header from C:\WINDOWS\System32\USER32.dll
[1124/205608:ERROR:process_reader_win.cc(233)] ReadMemory at 0x7ffc249d0000 of 64 bytes failed: 仅完成部分的 ReadProcessMemory 或 WriteProcessMemory 请求。 (0x12B)
[1124/205608:WARNING:pe_image_reader.cc(281)] could not read dos header from C:\WINDOWS\System32\gdi32full.dll
[1124/205608:ERROR:process_reader_win.cc(233)] ReadMemory at 0x7ffc26cf0000 of 64 bytes failed: 仅完成部分的 ReadProcessMemory 或 WriteProcessMemory 请求。 (0x12B)
[1124/205608:WARNING:pe_image_reader.cc(281)] could not read dos header from C:\WINDOWS\System32\GDI32.dll
[1124/205608:ERROR:process_reader_win.cc(233)] ReadMemory at 0x7ffc26da0000 of 64 bytes failed: 仅完成部分的 ReadProcessMemory 或 WriteProcessMemory 请求。 (0x12B)
[1124/205608:WARNING:pe_image_reader.cc(281)] could not read dos header from C:\WINDOWS\System32\IMM32.DLL
[1124/205608:ERROR:process_reader_win.cc(233)] ReadMemory at 0x7ffc26f70000 of 64 bytes failed: 仅完成部分的 ReadProcessMemory 或 WriteProcessMemory 请求。 (0x12B)
[1124/205608:WARNING:pe_image_reader.cc(281)] could not read dos header from C:\WINDOWS\System32\SHLWAPI.dll
[1124/205608:ERROR:process_reader_win.cc(233)] ReadMemory at 0x7ffc27450000 of 64 bytes failed: 仅完成部分的 ReadProcessMemory 或 WriteProcessMemory 请求。 (0x12B)
[1124/205608:WARNING:pe_image_reader.cc(281)] could not read dos header from C:\WINDOWS\System32\ole32.dll
[1124/205608:ERROR:process_reader_win.cc(233)] ReadMemory at 0x7ffc248d0000 of 64 bytes failed: 仅完成部分的 ReadProcessMemory 或 WriteProcessMemory 请求。 (0x12B)
[1124/205608:WARNING:pe_image_reader.cc(281)] could not read dos header from C:\WINDOWS\System32\cfgmgr32.dll
[1124/205608:ERROR:process_reader_win.cc(233)] ReadMemory at 0x7ffc24550000 of 64 bytes failed: 仅完成部分的 ReadProcessMemory 或 WriteProcessMemory 请求。 (0x12B)
[1124/205608:WARNING:pe_image_reader.cc(281)] could not read dos header from C:\WINDOWS\System32\powrprof.dll
[1124/205608:ERROR:process_reader_win.cc(233)] ReadMemory at 0x7ffc273a0000 of 64 bytes failed: 仅完成部分的 ReadProcessMemory 或 WriteProcessMemory 请求。 (0x12B)
[1124/205608:WARNING:pe_image_reader.cc(281)] could not read dos header from C:\WINDOWS\System32\advapi32.dll
[1124/205608:ERROR:process_reader_win.cc(233)] ReadMemory at 0x7ffc245a0000 of 64 bytes failed: 仅完成部分的 ReadProcessMemory 或 WriteProcessMemory 请求。 (0x12B)
[1124/205608:WARNING:pe_image_reader.cc(281)] could not read dos header from C:\WINDOWS\System32\kernel.appcore.dll
[1124/205608:ERROR:process_reader_win.cc(233)] ReadMemory at 0x7ffc25460000 of 64 bytes failed: 仅完成部分的 ReadProcessMemory 或 WriteProcessMemory 请求。 (0x12B)
[1124/205608:WARNING:pe_image_reader.cc(281)] could not read dos header from C:\WINDOWS\System32\shcore.dll
[1124/205608:ERROR:process_reader_win.cc(233)] ReadMemory at 0x7ffc245b0000 of 64 bytes failed: 仅完成部分的 ReadProcessMemory 或 WriteProcessMemory 请求。 (0x12B)
[1124/205608:WARNING:pe_image_reader.cc(281)] could not read dos header from C:\WINDOWS\System32\profapi.dll
[1124/205608:ERROR:process_reader_win.cc(233)] ReadMemory at 0x7ffc24b60000 of 64 bytes failed: 仅完成部分的 ReadProcessMemory 或 WriteProcessMemory 请求。 (0x12B)
[1124/205608:WARNING:pe_image_reader.cc(281)] could not read dos header from C:\WINDOWS\System32\windows.storage.dll
[1124/205608:ERROR:process_reader_win.cc(233)] ReadMemory at 0x7ffc257e0000 of 64 bytes failed: 仅完成部分的 ReadProcessMemory 或 WriteProcessMemory 请求。 (0x12B)
[1124/205608:WARNING:pe_image_reader.cc(281)] could not read dos header from C:\WINDOWS\System32\SHELL32.dll
[1124/205608:ERROR:process_reader_win.cc(233)] ReadMemory at 0x7ffc23bc0000 of 64 bytes failed: 仅完成部分的 ReadProcessMemory 或 WriteProcessMemory 请求。 (0x12B)
[1124/205608:WARNING:pe_image_reader.cc(281)] could not read dos header from C:\WINDOWS\SYSTEM32\USERENV.dll
[1124/205608:ERROR:process_reader_win.cc(233)] ReadMemory at 0x7ffc15aa0000 of 64 bytes failed: 仅完成部分的 ReadProcessMemory 或 WriteProcessMemory 请求。 (0x12B)
[1124/205608:WARNING:pe_image_reader.cc(281)] could not read dos header from C:\WINDOWS\SYSTEM32\MPR.dll
[1124/205608:ERROR:process_reader_win.cc(233)] ReadMemory at 0x7ffc23fb0000 of 64 bytes failed: 仅完成部分的 ReadProcessMemory 或 WriteProcessMemory 请求。 (0x12B)
[1124/205608:WARNING:pe_image_reader.cc(281)] could not read dos header from C:\WINDOWS\SYSTEM32\CRYPTBASE.DLL
[1124/205608:ERROR:process_reader_win.cc(233)] ReadMemory at 0x7ffc1e600000 of 64 bytes failed: 仅完成部分的 ReadProcessMemory 或 WriteProcessMemory 请求。 (0x12B)
[1124/205608:WARNING:pe_image_reader.cc(281)] could not read dos header from C:\Program Files (x86)\Google\Chrome\Application\53.0.2785.116\chrome_elf.dll
[1124/205608:ERROR:process_reader_win.cc(233)] ReadMemory at 0x7ffc202a0000 of 64 bytes failed: 仅完成部分的 ReadProcessMemory 或 WriteProcessMemory 请求。 (0x12B)
[1124/205608:WARNING:pe_image_reader.cc(281)] could not read dos header from C:\WINDOWS\SYSTEM32\VERSION.dll
[1124/205608:ERROR:process_reader_win.cc(233)] ReadMemory at 0x7ffc217b0000 of 64 bytes failed: 仅完成部分的 ReadProcessMemory 或 WriteProcessMemory 请求。 (0x12B)
[1124/205608:WARNING:pe_image_reader.cc(281)] could not read dos header from C:\WINDOWS\SYSTEM32\WINMMBASE.dll
[1124/205608:ERROR:process_reader_win.cc(233)] ReadMemory at 0x7ffc21810000 of 64 bytes failed: 仅完成部分的 ReadProcessMemory 或 WriteProcessMemory 请求。 (0x12B)
[1124/205608:WARNING:pe_image_reader.cc(281)] could not read dos header from C:\WINDOWS\SYSTEM32\WINMM.dll
[1124/205608:ERROR:process_reader_win.cc(233)] ReadMemory at 0x7ffc213d0000 of 64 bytes failed: 仅完成部分的 ReadProcessMemory 或 WriteProcessMemory 请求。 (0x12B)
[1124/205608:WARNING:pe_image_reader.cc(281)] could not read dos header from C:\WINDOWS\SYSTEM32\WTSAPI32.dll
[1124/205608:ERROR:process_reader_win.cc(233)] ReadMemory at 0x7ffc21c30000 of 64 bytes failed: 仅完成部分的 ReadProcessMemory 或 WriteProcessMemory 请求。 (0x12B)
[1124/205608:WARNING:pe_image_reader.cc(281)] could not read dos header from C:\WINDOWS\SYSTEM32\WINHTTP.dll
[1124/205608:ERROR:process_reader_win.cc(233)] ReadMemory at 0x7ffc245f0000 of 64 bytes failed: 仅完成部分的 ReadProcessMemory 或 WriteProcessMemory 请求。 (0x12B)
[1124/205608:WARNING:pe_image_reader.cc(281)] could not read dos header from C:\WINDOWS\System32\msvcp_win.dll
[1124/205608:ERROR:process_reader_win.cc(233)] ReadMemory at 0x7ffc270d0000 of 64 bytes failed: 仅完成部分的 ReadProcessMemory 或 WriteProcessMemory 请求。 (0x12B)
[1124/205608:WARNING:pe_image_reader.cc(281)] could not read dos header from C:\WINDOWS\System32\OLEAUT32.dll
[1124/205608:ERROR:process_reader_win.cc(233)] ReadMemory at 0x7ffc16310000 of 64 bytes failed: 仅完成部分的 ReadProcessMemory 或 WriteProcessMemory 请求。 (0x12B)
[1124/205608:WARNING:pe_image_reader.cc(281)] could not read dos header from C:\WINDOWS\SYSTEM32\ninput.dll
[1124/205608:ERROR:process_reader_win.cc(233)] ReadMemory at 0x56270000 of 64 bytes failed: 仅完成部分的 ReadProcessMemory 或 WriteProcessMemory 请求。 (0x12B)
[1124/205608:WARNING:pe_image_reader.cc(281)] could not read dos header from E:\Program Files\360\360safe\safemon\SafeWrapper.dll
[1124/205608:ERROR:process_reader_win.cc(233)] ReadMemory at 0x7ffc26d30000 of 64 bytes failed: 仅完成部分的 ReadProcessMemory 或 WriteProcessMemory 请求。 (0x12B)
[1124/205608:WARNING:pe_image_reader.cc(281)] could not read dos header from C:\WINDOWS\System32\WS2_32.dll
[1124/205608:ERROR:process_reader_win.cc(233)] ReadMemory at 0x7ffc27f90000 of 64 bytes failed: 仅完成部分的 ReadProcessMemory 或 WriteProcessMemory 请求。 (0x12B)
[1124/205608:WARNING:pe_image_reader.cc(281)] could not read dos header from C:\WINDOWS\System32\imagehlp.dll
[1124/205608:ERROR:process_reader_win.cc(233)] ReadMemory at 0x7ffc27770000 of 64 bytes failed: 仅完成部分的 ReadProcessMemory 或 WriteProcessMemory 请求。 (0x12B)
[1124/205608:WARNING:pe_image_reader.cc(281)] could not read dos header from C:\WINDOWS\System32\PSAPI.DLL
[1124/205608:ERROR:process_reader_win.cc(233)] ReadMemory at 0x7ffc166c0000 of 64 bytes failed: 仅完成部分的 ReadProcessMemory 或 WriteProcessMemory 请求。 (0x12B)
[1124/205608:WARNING:pe_image_reader.cc(281)] could not read dos header from C:\WINDOWS\SYSTEM32\NETAPI32.dll
[1124/205608:ERROR:process_reader_win.cc(233)] ReadMemory at 0x7ffc23bb0000 of 64 bytes failed: 仅完成部分的 ReadProcessMemory 或 WriteProcessMemory 请求。 (0x12B)
[1124/205608:WARNING:pe_image_reader.cc(281)] could not read dos header from C:\WINDOWS\SYSTEM32\NETUTILS.DLL
[1124/205608:ERROR:process_reader_win.cc(233)] ReadMemory at 0x7ffc24480000 of 64 bytes failed: 仅完成部分的 ReadProcessMemory 或 WriteProcessMemory 请求。 (0x12B)
[1124/205608:WARNING:pe_image_reader.cc(281)] could not read dos header from C:\WINDOWS\SYSTEM32\bcrypt.dll
[1124/205608:ERROR:process_reader_win.cc(233)] ReadMemory at 0x7ffc1f6f0000 of 64 bytes failed: 仅完成部分的 ReadProcessMemory 或 WriteProcessMemory 请求。 (0x12B)
[1124/205608:WARNING:pe_image_reader.cc(281)] could not read dos header from C:\WINDOWS\SYSTEM32\WKSCLI.DLL
[1124/205608:ERROR:process_reader_win.cc(233)] ReadMemory at 0x560d0000 of 64 bytes failed: 仅完成部分的 ReadProcessMemory 或 WriteProcessMemory 请求。 (0x12B)
[1124/205608:WARNING:pe_image_reader.cc(281)] could not read dos header from E:\Program Files\360\360safe\safemon\safemon64.dll
[1124/205608:ERROR:process_reader_win.cc(233)] ReadMemory at 0x7ffc24540000 of 64 bytes failed: 仅完成部分的 ReadProcessMemory 或 WriteProcessMemory 请求。 (0x12B)
[1124/205608:WARNING:pe_image_reader.cc(281)] could not read dos header from C:\WINDOWS\System32\MSASN1.dll
[1124/205608:ERROR:process_reader_win.cc(233)] ReadMemory at 0x7ffc24700000 of 64 bytes failed: 仅完成部分的 ReadProcessMemory 或 WriteProcessMemory 请求。 (0x12B)
[1124/205608:WARNING:pe_image_reader.cc(281)] could not read dos header from C:\WINDOWS\System32\CRYPT32.dll
[1124/205608:ERROR:process_reader_win.cc(233)] ReadMemory at 0x7ffc25610000 of 64 bytes failed: 仅完成部分的 ReadProcessMemory 或 WriteProcessMemory 请求。 (0x12B)
[1124/205608:WARNING:pe_image_reader.cc(281)] could not read dos header from C:\WINDOWS\System32\WINTRUST.DLL
[1124/205608:ERROR:process_reader_win.cc(233)] ReadMemory at 0x7ffc23fc0000 of 64 bytes failed: 仅完成部分的 ReadProcessMemory 或 WriteProcessMemory 请求。 (0x12B)
[1124/205608:WARNING:pe_image_reader.cc(281)] could not read dos header from C:\WINDOWS\SYSTEM32\CRYPTSP.dll
[1124/205608:ERROR:process_reader_win.cc(233)] ReadMemory at 0x7ffc23ec0000 of 64 bytes failed: 仅完成部分的 ReadProcessMemory 或 WriteProcessMemory 请求。 (0x12B)
[1124/205608:WARNING:pe_image_reader.cc(281)] could not read dos header from C:\WINDOWS\system32\rsaenh.dll
[1124/205608:ERROR:process_reader_win.cc(233)] ReadMemory at 0x7ffc21190000 of 64 bytes failed: 仅完成部分的 ReadProcessMemory 或 WriteProcessMemory 请求。 (0x12B)
[1124/205608:WARNING:pe_image_reader.cc(281)] could not read dos header from C:\WINDOWS\SYSTEM32\WINSPOOL.DRV
[1124/205608:ERROR:process_reader_win.cc(233)] ReadMemory at 0x7ffc1bc20000 of 64 bytes failed: 仅完成部分的 ReadProcessMemory 或 WriteProcessMemory 请求。 (0x12B)
[1124/205608:WARNING:pe_image_reader.cc(281)] could not read dos header from C:\WINDOWS\WinSxS\amd64_microsoft.windows.common-controls_6595b64144ccf1df_6.0.14393.447_none_42191651c6827bb3\COMCTL32.dll
[1124/205608:ERROR:process_reader_win.cc(233)] ReadMemory at 0x7ffc26fd0000 of 64 bytes failed: 仅完成部分的 ReadProcessMemory 或 WriteProcessMemory 请求。 (0x12B)
[1124/205608:WARNING:pe_image_reader.cc(281)] could not read dos header from C:\WINDOWS\System32\COMDLG32.dll
[1124/205608:ERROR:process_reader_win.cc(233)] ReadMemory at 0x7ffc23ad0000 of 64 bytes failed: 仅完成部分的 ReadProcessMemory 或 WriteProcessMemory 请求。 (0x12B)
[1124/205608:WARNING:pe_image_reader.cc(281)] could not read dos header from C:\WINDOWS\SYSTEM32\IPHLPAPI.DLL
[1124/205608:ERROR:process_reader_win.cc(233)] ReadMemory at 0x7ffc1e590000 of 64 bytes failed: 仅完成部分的 ReadProcessMemory 或 WriteProcessMemory 请求。 (0x12B)
[1124/205608:WARNING:pe_image_reader.cc(281)] could not read dos header from C:\WINDOWS\SYSTEM32\USP10.dll
[1124/205608:ERROR:process_reader_win.cc(233)] ReadMemory at 0x7ffc21d00000 of 64 bytes failed: 仅完成部分的 ReadProcessMemory 或 WriteProcessMemory 请求。 (0x12B)
[1124/205608:WARNING:pe_image_reader.cc(281)] could not read dos header from C:\WINDOWS\SYSTEM32\Secur32.dll
[1124/205608:ERROR:process_reader_win.cc(233)] ReadMemory at 0x7ffbf8d30000 of 64 bytes failed: 仅完成部分的 ReadProcessMemory 或 WriteProcessMemory 请求。 (0x12B)
[1124/205608:WARNING:pe_image_reader.cc(281)] could not read dos header from C:\Program Files (x86)\Google\Chrome\Application\53.0.2785.116\chrome_child.dll
[1124/205608:ERROR:process_reader_win.cc(233)] ReadMemory at 0x7ffc1ccb0000 of 64 bytes failed: 仅完成部分的 ReadProcessMemory 或 WriteProcessMemory 请求。 (0x12B)
[1124/205608:WARNING:pe_image_reader.cc(281)] could not read dos header from C:\WINDOWS\SYSTEM32\dwrite.dll
[1124/205608:ERROR:process_reader_win.cc(233)] ReadMemory at 0x8e1d2f4000 of 49152 bytes failed: 仅完成部分的 ReadProcessMemory 或 WriteProcessMemory 请求。 (0x12B)
[1124/205608:ERROR:crash_report_exception_handler.cc(98)] WriteEverything failed
[1124/205608:ERROR:scoped_process_suspend.cc(38)] NtResumeProcess: 已尝试访问正在退出的过程。  (0xc000010a)
